<?xml version="1.0" encoding="UTF-8"?>
<testsuite name="org.springframework.jmx.export.NotificationPublisherTests" tests="4" skipped="0" failures="0" errors="0" timestamp="2020-05-31T09:41:55" hostname="PC-20191010VAVI" time="0.037">
  <properties/>
  <testcase name="testSimpleBean" classname="org.springframework.jmx.export.NotificationPublisherTests" time="0.019"/>
  <testcase name="testMBean" classname="org.springframework.jmx.export.NotificationPublisherTests" time="0.004"/>
  <testcase name="testLazyInit" classname="org.springframework.jmx.export.NotificationPublisherTests" time="0.01"/>
  <testcase name="testSimpleBeanRegisteredManually" classname="org.springframework.jmx.export.NotificationPublisherTests" time="0.004"/>
  <system-out><![CDATA[]]></system-out>
  <system-err><![CDATA[]]></system-err>
</testsuite>
