<?xml version="1.0" encoding="UTF-8"?>
<testsuite name="org.springframework.aop.aspectj.AspectJExpressionPointcutAdvisorTests" tests="1" skipped="0" failures="0" errors="0" timestamp="2020-05-31T09:41:10" hostname="PC-20191010VAVI" time="0.049">
  <properties/>
  <testcase name="testPointcutting" classname="org.springframework.aop.aspectj.AspectJExpressionPointcutAdvisorTests" time="0.049"/>
  <system-out><![CDATA[]]></system-out>
  <system-err><![CDATA[]]></system-err>
</testsuite>
