<?xml version="1.0" encoding="UTF-8"?>
<testsuite name="org.springframework.context.annotation.ComponentScanParserTests" tests="8" skipped="0" failures="0" errors="0" timestamp="2020-05-31T09:41:34" hostname="PC-20191010VAVI" time="1.762">
  <properties/>
  <testcase name="componentScanWithAutowiredQualifier" classname="org.springframework.context.annotation.ComponentScanParserTests" time="0.027"/>
  <testcase name="customTypeFilter" classname="org.springframework.context.annotation.ComponentScanParserTests" time="0.211"/>
  <testcase name="aspectjTypeFilter" classname="org.springframework.context.annotation.ComponentScanParserTests" time="0.027"/>
  <testcase name="componentScanRespectsProfileAnnotation" classname="org.springframework.context.annotation.ComponentScanParserTests" time="0.061"/>
  <testcase name="aspectjTypeFilterWithPlaceholders" classname="org.springframework.context.annotation.ComponentScanParserTests" time="0.082"/>
  <testcase name="matchingResourcePattern" classname="org.springframework.context.annotation.ComponentScanParserTests" time="0.021"/>
  <testcase name="nonMatchingResourcePattern" classname="org.springframework.context.annotation.ComponentScanParserTests" time="1.125"/>
  <testcase name="customAnnotationUsedForBothComponentScanAndQualifier" classname="org.springframework.context.annotation.ComponentScanParserTests" time="0.207"/>
  <system-out><![CDATA[]]></system-out>
  <system-err><![CDATA[]]></system-err>
</testsuite>
