<?xml version="1.0" encoding="UTF-8"?>
<testsuite name="org.springframework.beans.factory.xml.LookupMethodWrappedByCglibProxyTests" tests="2" skipped="0" failures="0" errors="0" timestamp="2020-05-31T09:41:17" hostname="PC-20191010VAVI" time="0.03">
  <properties/>
  <testcase name="testRegularlyProxiedLookup" classname="org.springframework.beans.factory.xml.LookupMethodWrappedByCglibProxyTests" time="0.021"/>
  <testcase name="testAutoProxiedLookup" classname="org.springframework.beans.factory.xml.LookupMethodWrappedByCglibProxyTests" time="0.009"/>
  <system-out><![CDATA[]]></system-out>
  <system-err><![CDATA[]]></system-err>
</testsuite>
