<?xml version="1.0" encoding="UTF-8"?>
<testsuite name="org.springframework.aop.aspectj.generic.GenericBridgeMethodMatchingClassProxyTests" tests="4" skipped="0" failures="0" errors="0" timestamp="2020-05-31T09:41:12" hostname="PC-20191010VAVI" time="0.09">
  <properties/>
  <testcase name="testGenericBaseInterfaceMethodThroughClass" classname="org.springframework.aop.aspectj.generic.GenericBridgeMethodMatchingClassProxyTests" time="0.049"/>
  <testcase name="testGenericDerivedInterfaceMethodThroughClass" classname="org.springframework.aop.aspectj.generic.GenericBridgeMethodMatchingClassProxyTests" time="0.016"/>
  <testcase name="testGenericBaseInterfaceMethodThroughInterface" classname="org.springframework.aop.aspectj.generic.GenericBridgeMethodMatchingClassProxyTests" time="0.013"/>
  <testcase name="testGenericDerivedInterfaceMethodThroughInterface" classname="org.springframework.aop.aspectj.generic.GenericBridgeMethodMatchingClassProxyTests" time="0.012"/>
  <system-out><![CDATA[]]></system-out>
  <system-err><![CDATA[]]></system-err>
</testsuite>
