<?xml version="1.0" encoding="UTF-8"?>
<testsuite name="org.springframework.context.annotation.configuration.PackagePrivateBeanMethodInheritanceTests" tests="2" skipped="0" failures="0" errors="0" timestamp="2020-05-31T09:41:37" hostname="PC-20191010VAVI" time="0.039">
  <properties/>
  <testcase name="workaround" classname="org.springframework.context.annotation.configuration.PackagePrivateBeanMethodInheritanceTests" time="0.025"/>
  <testcase name="repro" classname="org.springframework.context.annotation.configuration.PackagePrivateBeanMethodInheritanceTests" time="0.014"/>
  <system-out><![CDATA[]]></system-out>
  <system-err><![CDATA[]]></system-err>
</testsuite>
