<?xml version="1.0" encoding="UTF-8"?>
<testsuite name="org.springframework.jndi.JndiPropertySourceTests" tests="5" skipped="0" failures="0" errors="0" timestamp="2020-05-31T09:41:55" hostname="PC-20191010VAVI" time="0.005">
  <properties/>
  <testcase name="propertyWithColonInNonResourceRefMode" classname="org.springframework.jndi.JndiPropertySourceTests" time="0.001"/>
  <testcase name="nameBoundWithPrefix" classname="org.springframework.jndi.JndiPropertySourceTests" time="0.004"/>
  <testcase name="nonExistentProperty" classname="org.springframework.jndi.JndiPropertySourceTests" time="0.0"/>
  <testcase name="nameBoundWithoutPrefix" classname="org.springframework.jndi.JndiPropertySourceTests" time="0.0"/>
  <testcase name="propertyWithDefaultClauseInResourceRefMode" classname="org.springframework.jndi.JndiPropertySourceTests" time="0.0"/>
  <system-out><![CDATA[]]></system-out>
  <system-err><![CDATA[]]></system-err>
</testsuite>
