<?xml version="1.0" encoding="UTF-8"?>
<testsuite name="org.springframework.scripting.support.RefreshableScriptTargetSourceTests" tests="1" skipped="0" failures="0" errors="0" timestamp="2020-05-31T09:42:20" hostname="PC-20191010VAVI" time="0.0">
  <properties/>
  <testcase name="createWithNullScriptSource" classname="org.springframework.scripting.support.RefreshableScriptTargetSourceTests" time="0.0"/>
  <system-out><![CDATA[]]></system-out>
  <system-err><![CDATA[]]></system-err>
</testsuite>
