<?xml version="1.0" encoding="UTF-8"?>
<testsuite name="org.springframework.aop.aspectj.AroundAdviceBindingTests" tests="4" skipped="0" failures="0" errors="0" timestamp="2020-05-31T09:41:09" hostname="PC-20191010VAVI" time="0.13">
  <properties/>
  <testcase name="testJustJoinPoint" classname="org.springframework.aop.aspectj.AroundAdviceBindingTests" time="0.055"/>
  <testcase name="testOneObjectArgBoundToTarget" classname="org.springframework.aop.aspectj.AroundAdviceBindingTests" time="0.025"/>
  <testcase name="testOneIntAndOneObjectArgs" classname="org.springframework.aop.aspectj.AroundAdviceBindingTests" time="0.024"/>
  <testcase name="testOneIntArg" classname="org.springframework.aop.aspectj.AroundAdviceBindingTests" time="0.025"/>
  <system-out><![CDATA[]]></system-out>
  <system-err><![CDATA[]]></system-err>
</testsuite>
