<?xml version="1.0" encoding="UTF-8"?>
<testsuite name="org.springframework.context.annotation.DestroyMethodInferenceTests" tests="2" skipped="0" failures="0" errors="0" timestamp="2020-05-31T09:41:39" hostname="PC-20191010VAVI" time="0.056">
  <properties/>
  <testcase name="beanMethods" classname="org.springframework.context.annotation.DestroyMethodInferenceTests" time="0.044"/>
  <testcase name="xml" classname="org.springframework.context.annotation.DestroyMethodInferenceTests" time="0.012"/>
  <system-out><![CDATA[]]></system-out>
  <system-err><![CDATA[]]></system-err>
</testsuite>
