<?xml version="1.0" encoding="UTF-8"?>
<testsuite name="org.springframework.scripting.bsh.BshScriptEvaluatorTests" tests="3" skipped="0" failures="0" errors="0" timestamp="2020-05-31T09:42:11" hostname="PC-20191010VAVI" time="0.135">
  <properties/>
  <testcase name="testGroovyScriptWithArguments" classname="org.springframework.scripting.bsh.BshScriptEvaluatorTests" time="0.1"/>
  <testcase name="testBshScriptFromFile" classname="org.springframework.scripting.bsh.BshScriptEvaluatorTests" time="0.016"/>
  <testcase name="testBshScriptFromString" classname="org.springframework.scripting.bsh.BshScriptEvaluatorTests" time="0.019"/>
  <system-out><![CDATA[]]></system-out>
  <system-err><![CDATA[]]></system-err>
</testsuite>
