<?xml version="1.0" encoding="UTF-8"?>
<testsuite name="org.springframework.ejb.config.JeeNamespaceHandlerEventTests" tests="3" skipped="0" failures="0" errors="0" timestamp="2020-05-31T09:41:52" hostname="PC-20191010VAVI" time="0.053">
  <properties/>
  <testcase name="testLocalSlsbComponentEventReceived" classname="org.springframework.ejb.config.JeeNamespaceHandlerEventTests" time="0.027"/>
  <testcase name="testJndiLookupComponentEventReceived" classname="org.springframework.ejb.config.JeeNamespaceHandlerEventTests" time="0.013"/>
  <testcase name="testRemoteSlsbComponentEventReceived" classname="org.springframework.ejb.config.JeeNamespaceHandlerEventTests" time="0.012"/>
  <system-out><![CDATA[]]></system-out>
  <system-err><![CDATA[]]></system-err>
</testsuite>
