<?xml version="1.0" encoding="UTF-8"?>
<testsuite name="org.springframework.aop.aspectj.ProceedTests" tests="4" skipped="0" failures="0" errors="0" timestamp="2020-05-31T09:41:12" hostname="PC-20191010VAVI" time="0.09">
  <properties/>
  <testcase name="testProceedWithArgsInSameAspect" classname="org.springframework.aop.aspectj.ProceedTests" time="0.033"/>
  <testcase name="testGetArgsIsDefensive" classname="org.springframework.aop.aspectj.ProceedTests" time="0.018"/>
  <testcase name="testProceedWithArgsAcrossAspects" classname="org.springframework.aop.aspectj.ProceedTests" time="0.019"/>
  <testcase name="testSimpleProceedWithChangedArgs" classname="org.springframework.aop.aspectj.ProceedTests" time="0.02"/>
  <system-out><![CDATA[]]></system-out>
  <system-err><![CDATA[]]></system-err>
</testsuite>
