<?xml version="1.0" encoding="UTF-8"?>
<testsuite name="org.springframework.jmx.export.assembler.InterfaceBasedMBeanInfoAssemblerTests" tests="13" skipped="0" failures="0" errors="0" timestamp="2020-05-31T09:41:54" hostname="PC-20191010VAVI" time="0.082">
  <properties/>
  <testcase name="testDescriptionNotNull" classname="org.springframework.jmx.export.assembler.InterfaceBasedMBeanInfoAssemblerTests" time="0.005"/>
  <testcase name="testGetMBeanAttributeInfo" classname="org.springframework.jmx.export.assembler.InterfaceBasedMBeanInfoAssemblerTests" time="0.006"/>
  <testcase name="testSetAttribute" classname="org.springframework.jmx.export.assembler.InterfaceBasedMBeanInfoAssemblerTests" time="0.006"/>
  <testcase name="testAttributeInfoHasDescriptors" classname="org.springframework.jmx.export.assembler.InterfaceBasedMBeanInfoAssemblerTests" time="0.006"/>
  <testcase name="testGetMBeanInfo" classname="org.springframework.jmx.export.assembler.InterfaceBasedMBeanInfoAssemblerTests" time="0.006"/>
  <testcase name="testGetMBeanOperationInfo" classname="org.springframework.jmx.export.assembler.InterfaceBasedMBeanInfoAssemblerTests" time="0.006"/>
  <testcase name="testRegisterOperations" classname="org.springframework.jmx.export.assembler.InterfaceBasedMBeanInfoAssemblerTests" time="0.007"/>
  <testcase name="testRegisterAttributes" classname="org.springframework.jmx.export.assembler.InterfaceBasedMBeanInfoAssemblerTests" time="0.006"/>
  <testcase name="testNotificationMetadata" classname="org.springframework.jmx.export.assembler.InterfaceBasedMBeanInfoAssemblerTests" time="0.006"/>
  <testcase name="testAttributeHasCorrespondingOperations" classname="org.springframework.jmx.export.assembler.InterfaceBasedMBeanInfoAssemblerTests" time="0.006"/>
  <testcase name="testMBeanRegistration" classname="org.springframework.jmx.export.assembler.InterfaceBasedMBeanInfoAssemblerTests" time="0.006"/>
  <testcase name="testGetAttribute" classname="org.springframework.jmx.export.assembler.InterfaceBasedMBeanInfoAssemblerTests" time="0.008"/>
  <testcase name="testOperationInvocation" classname="org.springframework.jmx.export.assembler.InterfaceBasedMBeanInfoAssemblerTests" time="0.008"/>
  <system-out><![CDATA[]]></system-out>
  <system-err><![CDATA[]]></system-err>
</testsuite>
