<?xml version="1.0" encoding="UTF-8"?>
<testsuite name="org.springframework.aop.aspectj.generic.GenericParameterMatchingTests" tests="3" skipped="0" failures="0" errors="0" timestamp="2020-05-31T09:41:12" hostname="PC-20191010VAVI" time="0.104">
  <properties/>
  <testcase name="testGenericInterfaceSubtypeGenericCollectionArgExecution" classname="org.springframework.aop.aspectj.generic.GenericParameterMatchingTests" time="0.039"/>
  <testcase name="testGenericInterfaceGenericArgExecution" classname="org.springframework.aop.aspectj.generic.GenericParameterMatchingTests" time="0.028"/>
  <testcase name="testGenericInterfaceGenericCollectionArgExecution" classname="org.springframework.aop.aspectj.generic.GenericParameterMatchingTests" time="0.037"/>
  <system-out><![CDATA[]]></system-out>
  <system-err><![CDATA[]]></system-err>
</testsuite>
