<?xml version="1.0" encoding="UTF-8"?>
<testsuite name="org.springframework.ui.ModelExtensionsTests" tests="1" skipped="0" failures="0" errors="0" timestamp="2020-05-31T09:42:23" hostname="PC-20191010VAVI" time="0.021">
  <properties/>
  <testcase name="setAttribute" classname="org.springframework.ui.ModelExtensionsTests" time="0.021"/>
  <system-out><![CDATA[]]></system-out>
  <system-err><![CDATA[]]></system-err>
</testsuite>
