<?xml version="1.0" encoding="UTF-8"?>
<testsuite name="org.springframework.context.support.GenericXmlApplicationContextTests" tests="4" skipped="0" failures="0" errors="0" timestamp="2020-05-31T09:41:48" hostname="PC-20191010VAVI" time="0.024">
  <properties/>
  <testcase name="classRelativeResourceLoading_ctor" classname="org.springframework.context.support.GenericXmlApplicationContextTests" time="0.006"/>
  <testcase name="classRelativeResourceLoading_load" classname="org.springframework.context.support.GenericXmlApplicationContextTests" time="0.005"/>
  <testcase name="fullyQualifiedResourceLoading_ctor" classname="org.springframework.context.support.GenericXmlApplicationContextTests" time="0.007"/>
  <testcase name="fullyQualifiedResourceLoading_load" classname="org.springframework.context.support.GenericXmlApplicationContextTests" time="0.006"/>
  <system-out><![CDATA[]]></system-out>
  <system-err><![CDATA[]]></system-err>
</testsuite>
