<?xml version="1.0" encoding="UTF-8"?>
<testsuite name="org.springframework.aop.aspectj.DeclareParentsDelegateRefTests" tests="2" skipped="0" failures="0" errors="0" timestamp="2020-05-31T09:41:12" hostname="PC-20191010VAVI" time="0.052">
  <properties/>
  <testcase name="testIntroductionWasMade" classname="org.springframework.aop.aspectj.DeclareParentsDelegateRefTests" time="0.03"/>
  <testcase name="testIntroductionDelegation" classname="org.springframework.aop.aspectj.DeclareParentsDelegateRefTests" time="0.022"/>
  <system-out><![CDATA[]]></system-out>
  <system-err><![CDATA[]]></system-err>
</testsuite>
