<?xml version="1.0" encoding="UTF-8"?>
<testsuite name="org.springframework.context.annotation.LazyAutowiredAnnotationBeanPostProcessorTests" tests="10" skipped="0" failures="0" errors="0" timestamp="2020-05-31T09:41:40" hostname="PC-20191010VAVI" time="0.09">
  <properties/>
  <testcase name="testLazyResourceInjectionWithConstructorAndCustomAnnotation" classname="org.springframework.context.annotation.LazyAutowiredAnnotationBeanPostProcessorTests" time="0.014"/>
  <testcase name="testLazyOptionalResourceInjectionWithNonExistingTarget" classname="org.springframework.context.annotation.LazyAutowiredAnnotationBeanPostProcessorTests" time="0.008"/>
  <testcase name="testLazyResourceInjectionWithField" classname="org.springframework.context.annotation.LazyAutowiredAnnotationBeanPostProcessorTests" time="0.013"/>
  <testcase name="testLazyResourceInjectionWithMethodLevelLazy" classname="org.springframework.context.annotation.LazyAutowiredAnnotationBeanPostProcessorTests" time="0.007"/>
  <testcase name="testLazyResourceInjectionWithConstructor" classname="org.springframework.context.annotation.LazyAutowiredAnnotationBeanPostProcessorTests" time="0.008"/>
  <testcase name="testLazyResourceInjectionWithMethodAndCustomAnnotation" classname="org.springframework.context.annotation.LazyAutowiredAnnotationBeanPostProcessorTests" time="0.008"/>
  <testcase name="testLazyResourceInjectionWithFieldAndCustomAnnotation" classname="org.springframework.context.annotation.LazyAutowiredAnnotationBeanPostProcessorTests" time="0.009"/>
  <testcase name="testLazyResourceInjectionWithConstructorLevelLazy" classname="org.springframework.context.annotation.LazyAutowiredAnnotationBeanPostProcessorTests" time="0.01"/>
  <testcase name="testLazyResourceInjectionWithNonExistingTarget" classname="org.springframework.context.annotation.LazyAutowiredAnnotationBeanPostProcessorTests" time="0.001"/>
  <testcase name="testLazyResourceInjectionWithMethod" classname="org.springframework.context.annotation.LazyAutowiredAnnotationBeanPostProcessorTests" time="0.011"/>
  <system-out><![CDATA[]]></system-out>
  <system-err><![CDATA[]]></system-err>
</testsuite>
