<?xml version="1.0" encoding="UTF-8"?>
<testsuite name="org.springframework.cache.interceptor.CachePutEvaluationTests" tests="2" skipped="0" failures="0" errors="0" timestamp="2020-05-31T09:41:26" hostname="PC-20191010VAVI" time="0.052">
  <properties/>
  <testcase name="getAndPut" classname="org.springframework.cache.interceptor.CachePutEvaluationTests" time="0.04"/>
  <testcase name="mutualGetPutExclusion" classname="org.springframework.cache.interceptor.CachePutEvaluationTests" time="0.012"/>
  <system-out><![CDATA[]]></system-out>
  <system-err><![CDATA[]]></system-err>
</testsuite>
