<?xml version="1.0" encoding="UTF-8"?>
<testsuite name="org.springframework.context.annotation.ConfigurationWithFactoryBeanAndAutowiringTests" tests="7" skipped="0" failures="0" errors="0" timestamp="2020-05-31T09:41:38" hostname="PC-20191010VAVI" time="0.142">
  <properties/>
  <testcase name="withConcreteFactoryBeanImplementationAsReturnType" classname="org.springframework.context.annotation.ConfigurationWithFactoryBeanAndAutowiringTests" time="0.039"/>
  <testcase name="withParameterizedFactoryBeanInterfaceAsReturnType" classname="org.springframework.context.annotation.ConfigurationWithFactoryBeanAndAutowiringTests" time="0.015"/>
  <testcase name="withFactoryBeanCallingBean" classname="org.springframework.context.annotation.ConfigurationWithFactoryBeanAndAutowiringTests" time="0.021"/>
  <testcase name="withParameterizedFactoryBeanImplementationAsReturnType" classname="org.springframework.context.annotation.ConfigurationWithFactoryBeanAndAutowiringTests" time="0.022"/>
  <testcase name="withWildcardParameterizedFactoryBeanInterfaceAsReturnType" classname="org.springframework.context.annotation.ConfigurationWithFactoryBeanAndAutowiringTests" time="0.016"/>
  <testcase name="withRawFactoryBeanInterfaceAsReturnType" classname="org.springframework.context.annotation.ConfigurationWithFactoryBeanAndAutowiringTests" time="0.015"/>
  <testcase name="withNonPublicParameterizedFactoryBeanInterfaceAsReturnType" classname="org.springframework.context.annotation.ConfigurationWithFactoryBeanAndAutowiringTests" time="0.014"/>
  <system-out><![CDATA[]]></system-out>
  <system-err><![CDATA[]]></system-err>
</testsuite>
