<?xml version="1.0" encoding="UTF-8"?>
<testsuite name="org.springframework.cache.config.CustomInterceptorTests" tests="3" skipped="0" failures="0" errors="0" timestamp="2020-05-31T09:41:25" hostname="PC-20191010VAVI" time="0.128">
  <properties/>
  <testcase name="customInterceptorAppliesWithCheckedException" classname="org.springframework.cache.config.CustomInterceptorTests" time="0.096"/>
  <testcase name="customInterceptorAppliesWithRuntimeException" classname="org.springframework.cache.config.CustomInterceptorTests" time="0.017"/>
  <testcase name="onlyOneInterceptorIsAvailable" classname="org.springframework.cache.config.CustomInterceptorTests" time="0.014"/>
  <system-out><![CDATA[]]></system-out>
  <system-err><![CDATA[]]></system-err>
</testsuite>
