<?xml version="1.0" encoding="UTF-8"?>
<testsuite name="org.springframework.scheduling.annotation.AsyncExecutionTests" tests="18" skipped="0" failures="0" errors="0" timestamp="2020-05-31T09:41:55" hostname="PC-20191010VAVI" time="3.232">
  <properties/>
  <testcase name="asyncClass" classname="org.springframework.scheduling.annotation.AsyncExecutionTests" time="0.047"/>
  <testcase name="asyncMethods" classname="org.springframework.scheduling.annotation.AsyncExecutionTests" time="0.017"/>
  <testcase name="asyncMethodsInInterface" classname="org.springframework.scheduling.annotation.AsyncExecutionTests" time="0.011"/>
  <testcase name="asyncClassWithInterface" classname="org.springframework.scheduling.annotation.AsyncExecutionTests" time="0.01"/>
  <testcase name="asyncPrototypeClassListener" classname="org.springframework.scheduling.annotation.AsyncExecutionTests" time="1.006"/>
  <testcase name="dynamicAsyncMethodsInInterfaceWithPostProcessor" classname="org.springframework.scheduling.annotation.AsyncExecutionTests" time="0.024"/>
  <testcase name="asyncMethodsInInterfaceWithPostProcessor" classname="org.springframework.scheduling.annotation.AsyncExecutionTests" time="0.001"/>
  <testcase name="asyncClassWithInterfaceAndPostProcessor" classname="org.springframework.scheduling.annotation.AsyncExecutionTests" time="0.001"/>
  <testcase name="dynamicAsyncInterfaceWithPostProcessor" classname="org.springframework.scheduling.annotation.AsyncExecutionTests" time="0.005"/>
  <testcase name="asyncInterfaceWithPostProcessor" classname="org.springframework.scheduling.annotation.AsyncExecutionTests" time="0.006"/>
  <testcase name="dynamicAsyncInterface" classname="org.springframework.scheduling.annotation.AsyncExecutionTests" time="0.005"/>
  <testcase name="asyncClassListener" classname="org.springframework.scheduling.annotation.AsyncExecutionTests" time="1.002"/>
  <testcase name="asyncClassWithPostProcessor" classname="org.springframework.scheduling.annotation.AsyncExecutionTests" time="0.001"/>
  <testcase name="asyncMethodsWithQualifier" classname="org.springframework.scheduling.annotation.AsyncExecutionTests" time="0.054"/>
  <testcase name="asyncMethodsWithQualifierThroughInterface" classname="org.springframework.scheduling.annotation.AsyncExecutionTests" time="0.016"/>
  <testcase name="asyncMethodListener" classname="org.springframework.scheduling.annotation.AsyncExecutionTests" time="1.007"/>
  <testcase name="asyncMethodsThroughInterface" classname="org.springframework.scheduling.annotation.AsyncExecutionTests" time="0.011"/>
  <testcase name="asyncInterface" classname="org.springframework.scheduling.annotation.AsyncExecutionTests" time="0.007"/>
  <system-out><![CDATA[17:41:57.742 [e0-1] ERROR org.springframework.aop.interceptor.SimpleAsyncUncaughtExceptionHandler - Unexpected error occurred invoking async method: public void org.springframework.scheduling.annotation.AsyncExecutionTests$AsyncMethodWithQualifierBean.doNothing(int)
java.lang.AssertionError: null
	at org.junit.Assert.fail(Assert.java:86) ~[junit-4.12.jar:4.12]
	at org.junit.Assert.assertTrue(Assert.java:41) ~[junit-4.12.jar:4.12]
	at org.junit.Assert.assertTrue(Assert.java:52) ~[junit-4.12.jar:4.12]
	at org.springframework.scheduling.annotation.AsyncExecutionTests$AsyncMethodWithQualifierBean.doNothing(AsyncExecutionTests.java:485) ~[test/:?]
	at org.springframework.scheduling.annotation.AsyncExecutionTests$AsyncMethodWithQualifierBean$$FastClassBySpringCGLIB$$85bd9822.invoke(<generated>) ~[test/:?]
	at org.springframework.cglib.proxy.MethodProxy.invoke(MethodProxy.java:204) ~[spring-core-5.0.18.BUILD-SNAPSHOT.jar:5.0.18.BUILD-SNAPSHOT]
	at org.springframework.aop.framework.CglibAopProxy$CglibMethodInvocation.invokeJoinpoint(CglibAopProxy.java:747) ~[spring-aop-5.0.18.BUILD-SNAPSHOT.jar:5.0.18.BUILD-SNAPSHOT]
	at org.springframework.aop.framework.ReflectiveMethodInvocation.proceed(ReflectiveMethodInvocation.java:163) ~[spring-aop-5.0.18.BUILD-SNAPSHOT.jar:5.0.18.BUILD-SNAPSHOT]
	at org.springframework.aop.interceptor.AsyncExecutionInterceptor.lambda$invoke$0(AsyncExecutionInterceptor.java:115) ~[spring-aop-5.0.18.BUILD-SNAPSHOT.jar:5.0.18.BUILD-SNAPSHOT]
	at java.util.concurrent.FutureTask.run(FutureTask.java:266) [?:1.8.0_211]
	at java.util.concurrent.ThreadPoolExecutor.runWorker(ThreadPoolExecutor.java:1149) [?:1.8.0_211]
	at java.util.concurrent.ThreadPoolExecutor$Worker.run(ThreadPoolExecutor.java:624) [?:1.8.0_211]
	at java.lang.Thread.run(Thread.java:748) [?:1.8.0_211]
17:41:57.756 [e0-1] ERROR org.springframework.aop.interceptor.SimpleAsyncUncaughtExceptionHandler - Unexpected error occurred invoking async method: public void org.springframework.scheduling.annotation.AsyncExecutionTests$AsyncMethodWithQualifierBean.doNothing(int)
java.lang.AssertionError: null
	at org.junit.Assert.fail(Assert.java:86) ~[junit-4.12.jar:4.12]
	at org.junit.Assert.assertTrue(Assert.java:41) ~[junit-4.12.jar:4.12]
	at org.junit.Assert.assertTrue(Assert.java:52) ~[junit-4.12.jar:4.12]
	at org.springframework.scheduling.annotation.AsyncExecutionTests$AsyncMethodWithQualifierBean.doNothing(AsyncExecutionTests.java:485) ~[test/:?]
	at sun.reflect.NativeMethodAccessorImpl.invoke0(Native Method) ~[?:1.8.0_211]
	at sun.reflect.NativeMethodAccessorImpl.invoke(NativeMethodAccessorImpl.java:62) ~[?:1.8.0_211]
	at sun.reflect.DelegatingMethodAccessorImpl.invoke(DelegatingMethodAccessorImpl.java:43) ~[?:1.8.0_211]
	at java.lang.reflect.Method.invoke(Method.java:498) ~[?:1.8.0_211]
	at org.springframework.aop.support.AopUtils.invokeJoinpointUsingReflection(AopUtils.java:343) ~[spring-aop-5.0.18.BUILD-SNAPSHOT.jar:5.0.18.BUILD-SNAPSHOT]
	at org.springframework.aop.framework.ReflectiveMethodInvocation.invokeJoinpoint(ReflectiveMethodInvocation.java:197) ~[spring-aop-5.0.18.BUILD-SNAPSHOT.jar:5.0.18.BUILD-SNAPSHOT]
	at org.springframework.aop.framework.ReflectiveMethodInvocation.proceed(ReflectiveMethodInvocation.java:163) ~[spring-aop-5.0.18.BUILD-SNAPSHOT.jar:5.0.18.BUILD-SNAPSHOT]
	at org.springframework.aop.interceptor.AsyncExecutionInterceptor.lambda$invoke$0(AsyncExecutionInterceptor.java:115) ~[spring-aop-5.0.18.BUILD-SNAPSHOT.jar:5.0.18.BUILD-SNAPSHOT]
	at java.util.concurrent.FutureTask.run(FutureTask.java:266) [?:1.8.0_211]
	at java.util.concurrent.ThreadPoolExecutor.runWorker(ThreadPoolExecutor.java:1149) [?:1.8.0_211]
	at java.util.concurrent.ThreadPoolExecutor$Worker.run(ThreadPoolExecutor.java:624) [?:1.8.0_211]
	at java.lang.Thread.run(Thread.java:748) [?:1.8.0_211]
]]></system-out>
  <system-err><![CDATA[]]></system-err>
</testsuite>
