<?xml version="1.0" encoding="UTF-8"?>
<testsuite name="org.springframework.aop.framework.adapter.AdvisorAdapterRegistrationTests" tests="2" skipped="0" failures="0" errors="0" timestamp="2020-05-31T09:41:14" hostname="PC-20191010VAVI" time="0.03">
  <properties/>
  <testcase name="testAdvisorAdapterRegistrationManagerPresentInContext" classname="org.springframework.aop.framework.adapter.AdvisorAdapterRegistrationTests" time="0.022"/>
  <testcase name="testAdvisorAdapterRegistrationManagerNotPresentInContext" classname="org.springframework.aop.framework.adapter.AdvisorAdapterRegistrationTests" time="0.008"/>
  <system-out><![CDATA[]]></system-out>
  <system-err><![CDATA[]]></system-err>
</testsuite>
