<?xml version="1.0" encoding="UTF-8"?>
<testsuite name="org.springframework.context.annotation.configuration.ScopingTests" tests="6" skipped="0" failures="0" errors="0" timestamp="2020-05-31T09:41:37" hostname="PC-20191010VAVI" time="0.043">
  <properties/>
  <testcase name="testRawScopes" classname="org.springframework.context.annotation.configuration.ScopingTests" time="0.019"/>
  <testcase name="testScopedProxyConfigurationWithClasses" classname="org.springframework.context.annotation.configuration.ScopingTests" time="0.005"/>
  <testcase name="testScopedProxyConfiguration" classname="org.springframework.context.annotation.configuration.ScopingTests" time="0.005"/>
  <testcase name="testScopeOnClasses" classname="org.springframework.context.annotation.configuration.ScopingTests" time="0.005"/>
  <testcase name="testScopeOnInterfaces" classname="org.springframework.context.annotation.configuration.ScopingTests" time="0.005"/>
  <testcase name="testSameScopeOnDifferentBeans" classname="org.springframework.context.annotation.configuration.ScopingTests" time="0.004"/>
  <system-out><![CDATA[]]></system-out>
  <system-err><![CDATA[]]></system-err>
</testsuite>
