<?xml version="1.0" encoding="UTF-8"?>
<testsuite name="org.springframework.context.groovy.GroovyApplicationContextDynamicBeanPropertyTests" tests="2" skipped="0" failures="0" errors="0" timestamp="2020-05-31T09:42:23" hostname="PC-20191010VAVI" time="0.108">
  <properties/>
  <testcase name="testAccessDynamicBeanProperties" classname="org.springframework.context.groovy.GroovyApplicationContextDynamicBeanPropertyTests" time="0.049"/>
  <testcase name="testAccessingNonExistentBeanViaDynamicProperty" classname="org.springframework.context.groovy.GroovyApplicationContextDynamicBeanPropertyTests" time="0.059"/>
  <system-out><![CDATA[]]></system-out>
  <system-err><![CDATA[]]></system-err>
</testsuite>
