<?xml version="1.0" encoding="UTF-8"?>
<testsuite name="org.springframework.context.support.EnvironmentIntegrationTests" tests="1" skipped="0" failures="0" errors="0" timestamp="2020-05-31T09:41:48" hostname="PC-20191010VAVI" time="0.005">
  <properties/>
  <testcase name="repro" classname="org.springframework.context.support.EnvironmentIntegrationTests" time="0.005"/>
  <system-out><![CDATA[]]></system-out>
  <system-err><![CDATA[]]></system-err>
</testsuite>
