<?xml version="1.0" encoding="UTF-8"?>
<testsuite name="org.springframework.cache.concurrent.ConcurrentMapCacheManagerTests" tests="3" skipped="0" failures="0" errors="0" timestamp="2020-05-31T09:41:19" hostname="PC-20191010VAVI" time="0.001">
  <properties/>
  <testcase name="testDynamicMode" classname="org.springframework.cache.concurrent.ConcurrentMapCacheManagerTests" time="0.001"/>
  <testcase name="testChangeStoreByValue" classname="org.springframework.cache.concurrent.ConcurrentMapCacheManagerTests" time="0.0"/>
  <testcase name="testStaticMode" classname="org.springframework.cache.concurrent.ConcurrentMapCacheManagerTests" time="0.0"/>
  <system-out><![CDATA[]]></system-out>
  <system-err><![CDATA[]]></system-err>
</testsuite>
