<?xml version="1.0" encoding="UTF-8"?>
<testsuite name="org.springframework.scripting.bsh.BshScriptFactoryTests" tests="18" skipped="0" failures="0" errors="0" timestamp="2020-05-31T09:42:11" hostname="PC-20191010VAVI" time="3.92">
  <properties/>
  <testcase name="scriptCompilationException" classname="org.springframework.scripting.bsh.BshScriptFactoryTests" time="0.045"/>
  <testcase name="scriptThatCompilesButIsJustPlainBad" classname="org.springframework.scripting.bsh.BshScriptFactoryTests" time="0.033"/>
  <testcase name="staticPrototypeScript" classname="org.springframework.scripting.bsh.BshScriptFactoryTests" time="0.292"/>
  <testcase name="resourceScriptFromTag" classname="org.springframework.scripting.bsh.BshScriptFactoryTests" time="0.391"/>
  <testcase name="prototypeScriptFromTag" classname="org.springframework.scripting.bsh.BshScriptFactoryTests" time="0.374"/>
  <testcase name="staticScriptWithNullReturnValue" classname="org.springframework.scripting.bsh.BshScriptFactoryTests" time="0.335"/>
  <testcase name="staticWithScriptReturningInstance" classname="org.springframework.scripting.bsh.BshScriptFactoryTests" time="0.338"/>
  <testcase name="staticScriptWithTwoInterfacesSpecified" classname="org.springframework.scripting.bsh.BshScriptFactoryTests" time="0.328"/>
  <testcase name="staticScriptImplementingInterface" classname="org.springframework.scripting.bsh.BshScriptFactoryTests" time="0.329"/>
  <testcase name="inlineScriptFromTag" classname="org.springframework.scripting.bsh.BshScriptFactoryTests" time="0.298"/>
  <testcase name="ctorWithWhitespacedScriptSourceLocator" classname="org.springframework.scripting.bsh.BshScriptFactoryTests" time="0.0"/>
  <testcase name="ctorWithNullScriptSourceLocator" classname="org.springframework.scripting.bsh.BshScriptFactoryTests" time="0.0"/>
  <testcase name="applicationEventListener" classname="org.springframework.scripting.bsh.BshScriptFactoryTests" time="0.3"/>
  <testcase name="staticScript" classname="org.springframework.scripting.bsh.BshScriptFactoryTests" time="0.341"/>
  <testcase name="refreshableFromTag" classname="org.springframework.scripting.bsh.BshScriptFactoryTests" time="0.316"/>
  <testcase name="ctorWithEmptyScriptSourceLocator" classname="org.springframework.scripting.bsh.BshScriptFactoryTests" time="0.0"/>
  <testcase name="nonStaticScript" classname="org.springframework.scripting.bsh.BshScriptFactoryTests" time="0.103"/>
  <testcase name="nonStaticPrototypeScript" classname="org.springframework.scripting.bsh.BshScriptFactoryTests" time="0.096"/>
  <system-out><![CDATA[17:42:11.682 [Test worker] WARN  org.springframework.context.support.ClassPathXmlApplicationContext - Exception encountered during context initialization - cancelling refresh attempt: org.springframework.beans.factory.BeanCreationException: Error creating bean with name 'broken' defined in class path resource [org/springframework/scripting/bsh/bshBrokenContext.xml]: BeanPostProcessor before instantiation of bean failed; nested exception is org.springframework.beans.factory.BeanCreationException: Error creating bean with name 'scriptedObject.broken' defined in class path resource [org/springframework/scripting/bsh/bshBrokenContext.xml]: Bean instantiation via factory method failed; nested exception is org.springframework.beans.BeanInstantiationException: Failed to instantiate [java.lang.Object]: Factory method 'getScriptedObject' threw exception; nested exception is org.springframework.scripting.ScriptCompilationException: Could not compile class path resource [org/springframework/scripting/bsh/Broken.bsh]; nested exception is In file: inline evaluation of: ``one sure is the loneliest number... that i'll ever know;'' Encountered "is" at line 1, column 10.

org.springframework.context.event.ContextRefreshedEvent[source=org.springframework.context.support.ClassPathXmlApplicationContext@68b50b74: startup date [Sun May 31 17:42:12 CST 2020]; root of context hierarchy]
org.springframework.context.event.ContextClosedEvent[source=org.springframework.context.support.ClassPathXmlApplicationContext@68b50b74: startup date [Sun May 31 17:42:12 CST 2020]; root of context hierarchy]
org.springframework.context.event.ContextRefreshedEvent[source=org.springframework.context.support.ClassPathXmlApplicationContext@49dea402: startup date [Sun May 31 17:42:12 CST 2020]; root of context hierarchy]
org.springframework.context.event.ContextRefreshedEvent[source=org.springframework.context.support.ClassPathXmlApplicationContext@6c4f3ad3: startup date [Sun May 31 17:42:14 CST 2020]; root of context hierarchy]
org.springframework.context.event.ContextRefreshedEvent[source=org.springframework.context.support.ClassPathXmlApplicationContext@1fefbd81: startup date [Sun May 31 17:42:14 CST 2020]; root of context hierarchy]
org.springframework.scripting.bsh.BshScriptFactoryTests$MyEvent[source=org.springframework.context.support.ClassPathXmlApplicationContext@1fefbd81: startup date [Sun May 31 17:42:14 CST 2020]; root of context hierarchy]
org.springframework.context.event.ContextRefreshedEvent[source=org.springframework.context.support.ClassPathXmlApplicationContext@a33de45: startup date [Sun May 31 17:42:15 CST 2020]; root of context hierarchy]
]]></system-out>
  <system-err><![CDATA[]]></system-err>
</testsuite>
