<?xml version="1.0" encoding="UTF-8"?>
<testsuite name="org.springframework.aop.aspectj.generic.GenericBridgeMethodMatchingTests" tests="2" skipped="0" failures="0" errors="0" timestamp="2020-05-31T09:41:12" hostname="PC-20191010VAVI" time="0.032">
  <properties/>
  <testcase name="testGenericBaseInterfaceMethodThroughInterface" classname="org.springframework.aop.aspectj.generic.GenericBridgeMethodMatchingTests" time="0.016"/>
  <testcase name="testGenericDerivedInterfaceMethodThroughInterface" classname="org.springframework.aop.aspectj.generic.GenericBridgeMethodMatchingTests" time="0.016"/>
  <system-out><![CDATA[]]></system-out>
  <system-err><![CDATA[]]></system-err>
</testsuite>
