<?xml version="1.0" encoding="UTF-8"?>
<testsuite name="org.springframework.context.annotation.configuration.ImportWithConditionTests" tests="2" skipped="0" failures="0" errors="0" timestamp="2020-05-31T09:41:37" hostname="PC-20191010VAVI" time="0.037">
  <properties/>
  <testcase name="unconditionalThenConditional" classname="org.springframework.context.annotation.configuration.ImportWithConditionTests" time="0.027"/>
  <testcase name="conditionalThenUnconditional" classname="org.springframework.context.annotation.configuration.ImportWithConditionTests" time="0.009"/>
  <system-out><![CDATA[]]></system-out>
  <system-err><![CDATA[]]></system-err>
</testsuite>
