<?xml version="1.0" encoding="UTF-8"?>
<testsuite name="org.springframework.cache.config.EnableCachingIntegrationTests" tests="3" skipped="0" failures="0" errors="0" timestamp="2020-05-31T09:41:25" hostname="PC-20191010VAVI" time="0.112">
  <properties/>
  <testcase name="fooServiceWithInterfaceCglib" classname="org.springframework.cache.config.EnableCachingIntegrationTests" time="0.054"/>
  <testcase name="beanCondition" classname="org.springframework.cache.config.EnableCachingIntegrationTests" time="0.042"/>
  <testcase name="fooServiceWithInterface" classname="org.springframework.cache.config.EnableCachingIntegrationTests" time="0.016"/>
  <system-out><![CDATA[]]></system-out>
  <system-err><![CDATA[]]></system-err>
</testsuite>
