<?xml version="1.0" encoding="UTF-8"?>
<testsuite name="org.springframework.scheduling.config.ScheduledTasksBeanDefinitionParserTests" tests="6" skipped="0" failures="0" errors="0" timestamp="2020-05-31T09:42:11" hostname="PC-20191010VAVI" time="0.094">
  <properties/>
  <testcase name="fixedDelayTasks" classname="org.springframework.scheduling.config.ScheduledTasksBeanDefinitionParserTests" time="0.019"/>
  <testcase name="triggerTasks" classname="org.springframework.scheduling.config.ScheduledTasksBeanDefinitionParserTests" time="0.018"/>
  <testcase name="fixedRateTasks" classname="org.springframework.scheduling.config.ScheduledTasksBeanDefinitionParserTests" time="0.014"/>
  <testcase name="checkTarget" classname="org.springframework.scheduling.config.ScheduledTasksBeanDefinitionParserTests" time="0.014"/>
  <testcase name="cronTasks" classname="org.springframework.scheduling.config.ScheduledTasksBeanDefinitionParserTests" time="0.016"/>
  <testcase name="checkScheduler" classname="org.springframework.scheduling.config.ScheduledTasksBeanDefinitionParserTests" time="0.012"/>
  <system-out><![CDATA[]]></system-out>
  <system-err><![CDATA[]]></system-err>
</testsuite>
