<?xml version="1.0" encoding="UTF-8"?>
<testsuite name="org.springframework.cache.interceptor.CacheSyncFailureTests" tests="5" skipped="0" failures="0" errors="0" timestamp="2020-05-31T09:41:27" hostname="PC-20191010VAVI" time="0.079">
  <properties/>
  <testcase name="syncWithTwoGetOperations" classname="org.springframework.cache.interceptor.CacheSyncFailureTests" time="0.031"/>
  <testcase name="unlessSync" classname="org.springframework.cache.interceptor.CacheSyncFailureTests" time="0.011"/>
  <testcase name="severalCachesWithResolvedSync" classname="org.springframework.cache.interceptor.CacheSyncFailureTests" time="0.012"/>
  <testcase name="severalCachesSync" classname="org.springframework.cache.interceptor.CacheSyncFailureTests" time="0.011"/>
  <testcase name="syncWithAnotherOperation" classname="org.springframework.cache.interceptor.CacheSyncFailureTests" time="0.013"/>
  <system-out><![CDATA[]]></system-out>
  <system-err><![CDATA[]]></system-err>
</testsuite>
