<?xml version="1.0" encoding="UTF-8"?>
<testsuite name="org.springframework.aop.scope.ScopedProxyTests" tests="5" skipped="0" failures="0" errors="0" timestamp="2020-05-31T09:41:16" hostname="PC-20191010VAVI" time="0.184">
  <properties/>
  <testcase name="testSimpleProxy" classname="org.springframework.aop.scope.ScopedProxyTests" time="0.037"/>
  <testcase name="testJdkScopedProxy" classname="org.springframework.aop.scope.ScopedProxyTests" time="0.031"/>
  <testcase name="testProxyAssignable" classname="org.springframework.aop.scope.ScopedProxyTests" time="0.019"/>
  <testcase name="testCglibScopedProxy" classname="org.springframework.aop.scope.ScopedProxyTests" time="0.035"/>
  <testcase name="testScopedOverride" classname="org.springframework.aop.scope.ScopedProxyTests" time="0.061"/>
  <system-out><![CDATA[]]></system-out>
  <system-err><![CDATA[]]></system-err>
</testsuite>
