<?xml version="1.0" encoding="UTF-8"?>
<testsuite name="org.springframework.aop.config.AopNamespaceHandlerAdviceTypeTests" tests="2" skipped="0" failures="0" errors="0" timestamp="2020-05-31T09:41:13" hostname="PC-20191010VAVI" time="0.073">
  <properties/>
  <testcase name="testParsingOfAdviceTypes" classname="org.springframework.aop.config.AopNamespaceHandlerAdviceTypeTests" time="0.055"/>
  <testcase name="testParsingOfAdviceTypesWithError" classname="org.springframework.aop.config.AopNamespaceHandlerAdviceTypeTests" time="0.018"/>
  <system-out><![CDATA[]]></system-out>
  <system-err><![CDATA[]]></system-err>
</testsuite>
