<?xml version="1.0" encoding="UTF-8"?>
<testsuite name="org.springframework.aop.aspectj.autoproxy.spr3064.SPR3064Tests" tests="1" skipped="0" failures="0" errors="0" timestamp="2020-05-31T09:41:11" hostname="PC-20191010VAVI" time="0.025">
  <properties/>
  <testcase name="testServiceIsAdvised" classname="org.springframework.aop.aspectj.autoproxy.spr3064.SPR3064Tests" time="0.025"/>
  <system-out><![CDATA[]]></system-out>
  <system-err><![CDATA[]]></system-err>
</testsuite>
