<?xml version="1.0" encoding="UTF-8"?>
<testsuite name="org.springframework.context.annotation.SimpleScanTests" tests="1" skipped="0" failures="0" errors="0" timestamp="2020-05-31T09:41:41" hostname="PC-20191010VAVI" time="0.036">
  <properties/>
  <testcase name="testFooService" classname="org.springframework.context.annotation.SimpleScanTests" time="0.036"/>
  <system-out><![CDATA[]]></system-out>
  <system-err><![CDATA[]]></system-err>
</testsuite>
