<?xml version="1.0" encoding="UTF-8"?>
<testsuite name="org.springframework.context.annotation.Spr12636Tests" tests="2" skipped="0" failures="0" errors="0" timestamp="2020-05-31T09:41:41" hostname="PC-20191010VAVI" time="0.062">
  <properties/>
  <testcase name="orderOnImplementation" classname="org.springframework.context.annotation.Spr12636Tests" time="0.017"/>
  <testcase name="orderOnImplementationWithProxy" classname="org.springframework.context.annotation.Spr12636Tests" time="0.045"/>
  <system-out><![CDATA[]]></system-out>
  <system-err><![CDATA[]]></system-err>
</testsuite>
