<?xml version="1.0" encoding="UTF-8"?>
<testsuite name="org.springframework.aop.aspectj.TargetPointcutSelectionTests" tests="2" skipped="0" failures="0" errors="0" timestamp="2020-05-31T09:41:13" hostname="PC-20191010VAVI" time="0.062">
  <properties/>
  <testcase name="targetSelectionForMatchedType" classname="org.springframework.aop.aspectj.TargetPointcutSelectionTests" time="0.04"/>
  <testcase name="targetNonSelectionForMismatchedType" classname="org.springframework.aop.aspectj.TargetPointcutSelectionTests" time="0.022"/>
  <system-out><![CDATA[]]></system-out>
  <system-err><![CDATA[]]></system-err>
</testsuite>
