<?xml version="1.0" encoding="UTF-8"?>
<testsuite name="org.springframework.context.annotation.ComponentScanParserWithUserDefinedStrategiesTests" tests="4" skipped="0" failures="0" errors="0" timestamp="2020-05-31T09:41:36" hostname="PC-20191010VAVI" time="0.087">
  <properties/>
  <testcase name="testInvalidConstructorBeanNameGenerator" classname="org.springframework.context.annotation.ComponentScanParserWithUserDefinedStrategiesTests" time="0.013"/>
  <testcase name="testCustomScopeMetadataResolver" classname="org.springframework.context.annotation.ComponentScanParserWithUserDefinedStrategiesTests" time="0.029"/>
  <testcase name="testCustomBeanNameGenerator" classname="org.springframework.context.annotation.ComponentScanParserWithUserDefinedStrategiesTests" time="0.028"/>
  <testcase name="testInvalidClassNameScopeMetadataResolver" classname="org.springframework.context.annotation.ComponentScanParserWithUserDefinedStrategiesTests" time="0.017"/>
  <system-out><![CDATA[]]></system-out>
  <system-err><![CDATA[]]></system-err>
</testsuite>
