<?xml version="1.0" encoding="UTF-8"?>
<testsuite name="org.springframework.jmx.export.annotation.JmxUtilsAnnotationTests" tests="2" skipped="0" failures="0" errors="0" timestamp="2020-05-31T09:41:54" hostname="PC-20191010VAVI" time="0.002">
  <properties/>
  <testcase name="notMXBean" classname="org.springframework.jmx.export.annotation.JmxUtilsAnnotationTests" time="0.001"/>
  <testcase name="annotatedMXBean" classname="org.springframework.jmx.export.annotation.JmxUtilsAnnotationTests" time="0.001"/>
  <system-out><![CDATA[]]></system-out>
  <system-err><![CDATA[]]></system-err>
</testsuite>
