<?xml version="1.0" encoding="UTF-8"?>
<testsuite name="org.springframework.context.annotation.AsmCircularImportDetectionTests" tests="2" skipped="0" failures="0" errors="0" timestamp="2020-05-31T09:41:27" hostname="PC-20191010VAVI" time="0.009">
  <properties/>
  <testcase name="complexCircularImportIsDetected" classname="org.springframework.context.annotation.AsmCircularImportDetectionTests" time="0.006"/>
  <testcase name="simpleCircularImportIsDetected" classname="org.springframework.context.annotation.AsmCircularImportDetectionTests" time="0.003"/>
  <system-out><![CDATA[]]></system-out>
  <system-err><![CDATA[]]></system-err>
</testsuite>
