<?xml version="1.0" encoding="UTF-8"?>
<testsuite name="org.springframework.context.support.SimpleThreadScopeTests" tests="2" skipped="0" failures="0" errors="0" timestamp="2020-05-31T09:41:51" hostname="PC-20191010VAVI" time="0.207">
  <properties/>
  <testcase name="getMultipleInstances" classname="org.springframework.context.support.SimpleThreadScopeTests" time="0.202"/>
  <testcase name="getFromScope" classname="org.springframework.context.support.SimpleThreadScopeTests" time="0.0"/>
  <system-out><![CDATA[]]></system-out>
  <system-err><![CDATA[]]></system-err>
</testsuite>
