<?xml version="1.0" encoding="UTF-8"?>
<testsuite name="org.springframework.context.annotation.AnnotationConfigApplicationContextExtensionsTests" tests="1" skipped="0" failures="0" errors="0" timestamp="2020-05-31T09:42:22" hostname="PC-20191010VAVI" time="0.664">
  <properties/>
  <testcase name="Instantiate AnnotationConfigApplicationContext" classname="org.springframework.context.annotation.AnnotationConfigApplicationContextExtensionsTests" time="0.664"/>
  <system-out><![CDATA[]]></system-out>
  <system-err><![CDATA[]]></system-err>
</testsuite>
