<?xml version="1.0" encoding="UTF-8"?>
<testsuite name="org.springframework.context.annotation.Spr11202Tests" tests="2" skipped="0" failures="0" errors="0" timestamp="2020-05-31T09:41:41" hostname="PC-20191010VAVI" time="0.036">
  <properties/>
  <testcase name="testWithImporter" classname="org.springframework.context.annotation.Spr11202Tests" time="0.032"/>
  <testcase name="testWithoutImporter" classname="org.springframework.context.annotation.Spr11202Tests" time="0.004"/>
  <system-out><![CDATA[]]></system-out>
  <system-err><![CDATA[]]></system-err>
</testsuite>
