<?xml version="1.0" encoding="UTF-8"?>
<testsuite name="org.springframework.context.annotation.PrimitiveBeanLookupAndAutowiringTests" tests="4" skipped="0" failures="0" errors="0" timestamp="2020-05-31T09:41:40" hostname="PC-20191010VAVI" time="0.055">
  <properties/>
  <testcase name="primitiveAutowiredInjection" classname="org.springframework.context.annotation.PrimitiveBeanLookupAndAutowiringTests" time="0.038"/>
  <testcase name="primitiveLookupByName" classname="org.springframework.context.annotation.PrimitiveBeanLookupAndAutowiringTests" time="0.004"/>
  <testcase name="primitiveLookupByType" classname="org.springframework.context.annotation.PrimitiveBeanLookupAndAutowiringTests" time="0.004"/>
  <testcase name="primitiveResourceInjection" classname="org.springframework.context.annotation.PrimitiveBeanLookupAndAutowiringTests" time="0.008"/>
  <system-out><![CDATA[]]></system-out>
  <system-err><![CDATA[]]></system-err>
</testsuite>
