<?xml version="1.0" encoding="UTF-8"?>
<testsuite name="org.springframework.context.annotation.configuration.BeanMethodQualificationTests" tests="6" skipped="0" failures="0" errors="0" timestamp="2020-05-31T09:41:36" hostname="PC-20191010VAVI" time="0.113">
  <properties/>
  <testcase name="testCustomWithAttributeOverride" classname="org.springframework.context.annotation.configuration.BeanMethodQualificationTests" time="0.029"/>
  <testcase name="testCustomWithAsm" classname="org.springframework.context.annotation.configuration.BeanMethodQualificationTests" time="0.019"/>
  <testcase name="testCustom" classname="org.springframework.context.annotation.configuration.BeanMethodQualificationTests" time="0.008"/>
  <testcase name="testScoped" classname="org.springframework.context.annotation.configuration.BeanMethodQualificationTests" time="0.022"/>
  <testcase name="testStandard" classname="org.springframework.context.annotation.configuration.BeanMethodQualificationTests" time="0.014"/>
  <testcase name="testScopedProxy" classname="org.springframework.context.annotation.configuration.BeanMethodQualificationTests" time="0.021"/>
  <system-out><![CDATA[]]></system-out>
  <system-err><![CDATA[]]></system-err>
</testsuite>
