<?xml version="1.0" encoding="UTF-8"?>
<testsuite name="org.springframework.context.annotation.configuration.ConfigurationMetaAnnotationTests" tests="1" skipped="0" failures="0" errors="0" timestamp="2020-05-31T09:41:37" hostname="PC-20191010VAVI" time="0.012">
  <properties/>
  <testcase name="customConfigurationStereotype" classname="org.springframework.context.annotation.configuration.ConfigurationMetaAnnotationTests" time="0.012"/>
  <system-out><![CDATA[]]></system-out>
  <system-err><![CDATA[]]></system-err>
</testsuite>
