<?xml version="1.0" encoding="UTF-8"?>
<testsuite name="org.springframework.aop.aspectj.autoproxy.AtAspectJAfterThrowingTests" tests="1" skipped="0" failures="0" errors="0" timestamp="2020-05-31T09:41:11" hostname="PC-20191010VAVI" time="0.031">
  <properties/>
  <testcase name="testAccessThrowable" classname="org.springframework.aop.aspectj.autoproxy.AtAspectJAfterThrowingTests" time="0.031"/>
  <system-out><![CDATA[]]></system-out>
  <system-err><![CDATA[]]></system-err>
</testsuite>
