<?xml version="1.0" encoding="UTF-8"?>
<testsuite name="org.springframework.aop.aspectj.PropertyDependentAspectTests" tests="4" skipped="0" failures="0" errors="0" timestamp="2020-05-31T09:41:12" hostname="PC-20191010VAVI" time="0.07">
  <properties/>
  <testcase name="propertyDependentAtAspectJAspectWithPropertyDeclaredAfterAdvice" classname="org.springframework.aop.aspectj.PropertyDependentAspectTests" time="0.024"/>
  <testcase name="propertyDependentAtAspectJAspectWithPropertyDeclaredBeforeAdvice" classname="org.springframework.aop.aspectj.PropertyDependentAspectTests" time="0.012"/>
  <testcase name="propertyDependentAspectWithPropertyDeclaredAfterAdvice" classname="org.springframework.aop.aspectj.PropertyDependentAspectTests" time="0.018"/>
  <testcase name="propertyDependentAspectWithPropertyDeclaredBeforeAdvice" classname="org.springframework.aop.aspectj.PropertyDependentAspectTests" time="0.015"/>
  <system-out><![CDATA[]]></system-out>
  <system-err><![CDATA[]]></system-err>
</testsuite>
