<?xml version="1.0" encoding="UTF-8"?>
<testsuite name="org.springframework.aop.config.AopNamespaceHandlerTests" tests="5" skipped="0" failures="0" errors="0" timestamp="2020-05-31T09:41:13" hostname="PC-20191010VAVI" time="0.103">
  <properties/>
  <testcase name="testAspectAppliedForInitializeBeanWithEmptyName" classname="org.springframework.aop.config.AopNamespaceHandlerTests" time="0.021"/>
  <testcase name="testAdviceInvokedCorrectly" classname="org.springframework.aop.config.AopNamespaceHandlerTests" time="0.021"/>
  <testcase name="testAspectAppliedForInitializeBeanWithNullName" classname="org.springframework.aop.config.AopNamespaceHandlerTests" time="0.021"/>
  <testcase name="testIsProxy" classname="org.springframework.aop.config.AopNamespaceHandlerTests" time="0.019"/>
  <testcase name="testAspectApplied" classname="org.springframework.aop.config.AopNamespaceHandlerTests" time="0.02"/>
  <system-out><![CDATA[]]></system-out>
  <system-err><![CDATA[]]></system-err>
</testsuite>
