<?xml version="1.0" encoding="UTF-8"?>
<testsuite name="org.springframework.aop.aspectj.autoproxy.AspectJAutoProxyCreatorTests" tests="19" skipped="3" failures="0" errors="0" timestamp="2020-05-31T09:41:10" hostname="PC-20191010VAVI" time="0.669">
  <properties/>
  <testcase name="testTwoAdviceAspectPrototype" classname="org.springframework.aop.aspectj.autoproxy.AspectJAutoProxyCreatorTests" time="0.028"/>
  <testcase name="testAspectsAndAdvisorNotAppliedToPrototypeIsFastEnough" classname="org.springframework.aop.aspectj.autoproxy.AspectJAutoProxyCreatorTests" time="0.005">
    <skipped/>
  </testcase>
  <testcase name="testAspectsAreApplied" classname="org.springframework.aop.aspectj.autoproxy.AspectJAutoProxyCreatorTests" time="0.052"/>
  <testcase name="testIncludeMechanism" classname="org.springframework.aop.aspectj.autoproxy.AspectJAutoProxyCreatorTests" time="0.022"/>
  <testcase name="testForceProxyTargetClass" classname="org.springframework.aop.aspectj.autoproxy.AspectJAutoProxyCreatorTests" time="0.017"/>
  <testcase name="testAspectsAndAdvisorNotAppliedToManySingletonsIsFastEnough" classname="org.springframework.aop.aspectj.autoproxy.AspectJAutoProxyCreatorTests" time="0.001">
    <skipped/>
  </testcase>
  <testcase name="testAspectsAreAppliedInDefinedOrder" classname="org.springframework.aop.aspectj.autoproxy.AspectJAutoProxyCreatorTests" time="0.025"/>
  <testcase name="testAspectsAndAdvisorAppliedToPrototypeIsFastEnough" classname="org.springframework.aop.aspectj.autoproxy.AspectJAutoProxyCreatorTests" time="0.0">
    <skipped/>
  </testcase>
  <testcase name="testMultipleAspectsWithParameterApplied" classname="org.springframework.aop.aspectj.autoproxy.AspectJAutoProxyCreatorTests" time="0.022"/>
  <testcase name="testAspectsAndAdvisorAreApplied" classname="org.springframework.aop.aspectj.autoproxy.AspectJAutoProxyCreatorTests" time="0.028"/>
  <testcase name="testAdviceUsingJoinPoint" classname="org.springframework.aop.aspectj.autoproxy.AspectJAutoProxyCreatorTests" time="0.025"/>
  <testcase name="testTwoAdviceAspect" classname="org.springframework.aop.aspectj.autoproxy.AspectJAutoProxyCreatorTests" time="0.031"/>
  <testcase name="testTwoAdviceAspectSingleton" classname="org.springframework.aop.aspectj.autoproxy.AspectJAutoProxyCreatorTests" time="0.01"/>
  <testcase name="testPerThisAspect" classname="org.springframework.aop.aspectj.autoproxy.AspectJAutoProxyCreatorTests" time="0.027"/>
  <testcase name="testAspectsAndAdvisorAreAppliedEvenIfComingFromParentFactory" classname="org.springframework.aop.aspectj.autoproxy.AspectJAutoProxyCreatorTests" time="0.021"/>
  <testcase name="testPerTargetAspect" classname="org.springframework.aop.aspectj.autoproxy.AspectJAutoProxyCreatorTests" time="0.028"/>
  <testcase name="testRetryAspect" classname="org.springframework.aop.aspectj.autoproxy.AspectJAutoProxyCreatorTests" time="0.2"/>
  <testcase name="testWithAbstractFactoryBeanAreApplied" classname="org.springframework.aop.aspectj.autoproxy.AspectJAutoProxyCreatorTests" time="0.015"/>
  <testcase name="testWithBeanNameAutoProxyCreator" classname="org.springframework.aop.aspectj.autoproxy.AspectJAutoProxyCreatorTests" time="0.11"/>
  <system-out><![CDATA[]]></system-out>
  <system-err><![CDATA[]]></system-err>
</testsuite>
