<?xml version="1.0" encoding="UTF-8"?>
<testsuite name="org.springframework.aop.config.MethodLocatingFactoryBeanTests" tests="9" skipped="0" failures="0" errors="0" timestamp="2020-05-31T09:41:14" hostname="PC-20191010VAVI" time="0.059">
  <properties/>
  <testcase name="testWhenTargetBeanClassCannotBeResolved" classname="org.springframework.aop.config.MethodLocatingFactoryBeanTests" time="0.05"/>
  <testcase name="testWithNullTargetMethodName" classname="org.springframework.aop.config.MethodLocatingFactoryBeanTests" time="0.0"/>
  <testcase name="testGetObjectType" classname="org.springframework.aop.config.MethodLocatingFactoryBeanTests" time="0.0"/>
  <testcase name="testWithNullTargetBeanName" classname="org.springframework.aop.config.MethodLocatingFactoryBeanTests" time="0.0"/>
  <testcase name="testIsSingleton" classname="org.springframework.aop.config.MethodLocatingFactoryBeanTests" time="0.0"/>
  <testcase name="testWhereMethodCannotBeResolved" classname="org.springframework.aop.config.MethodLocatingFactoryBeanTests" time="0.007"/>
  <testcase name="testSunnyDayPath" classname="org.springframework.aop.config.MethodLocatingFactoryBeanTests" time="0.0"/>
  <testcase name="testWithEmptyTargetBeanName" classname="org.springframework.aop.config.MethodLocatingFactoryBeanTests" time="0.0"/>
  <testcase name="testWithEmptyTargetMethodName" classname="org.springframework.aop.config.MethodLocatingFactoryBeanTests" time="0.0"/>
  <system-out><![CDATA[]]></system-out>
  <system-err><![CDATA[]]></system-err>
</testsuite>
