<?xml version="1.0" encoding="UTF-8"?>
<testsuite name="org.springframework.context.support.ClassPathXmlApplicationContextTests" tests="20" skipped="0" failures="0" errors="0" timestamp="2020-05-31T09:41:44" hostname="PC-20191010VAVI" time="2.587">
  <properties/>
  <testcase name="testSingleConfigLocationWithClass" classname="org.springframework.context.support.ClassPathXmlApplicationContextTests" time="0.009"/>
  <testcase name="testAliasWithPlaceholder" classname="org.springframework.context.support.ClassPathXmlApplicationContextTests" time="0.75"/>
  <testcase name="testContextWithInvalidValueType" classname="org.springframework.context.support.ClassPathXmlApplicationContextTests" time="0.02"/>
  <testcase name="testResourceAndInputStream" classname="org.springframework.context.support.ClassPathXmlApplicationContextTests" time="0.099"/>
  <testcase name="testContextWithInvalidLazyClass" classname="org.springframework.context.support.ClassPathXmlApplicationContextTests" time="0.017"/>
  <testcase name="testMessageSourceAware" classname="org.springframework.context.support.ClassPathXmlApplicationContextTests" time="0.291"/>
  <testcase name="testContextWithClassNameThatContainsPlaceholder" classname="org.springframework.context.support.ClassPathXmlApplicationContextTests" time="0.014"/>
  <testcase name="testGenericApplicationContextWithXmlBeanDefinitionsAndClassLoaderNull" classname="org.springframework.context.support.ClassPathXmlApplicationContextTests" time="0.142"/>
  <testcase name="testAliasThatOverridesParent" classname="org.springframework.context.support.ClassPathXmlApplicationContextTests" time="0.008"/>
  <testcase name="testChildWithProxy" classname="org.springframework.context.support.ClassPathXmlApplicationContextTests" time="0.122"/>
  <testcase name="testSingleConfigLocation" classname="org.springframework.context.support.ClassPathXmlApplicationContextTests" time="0.004"/>
  <testcase name="testResourceArrayPropertyEditor" classname="org.springframework.context.support.ClassPathXmlApplicationContextTests" time="0.118"/>
  <testcase name="testGenericApplicationContextWithXmlBeanDefinitionsAndSpecifiedId" classname="org.springframework.context.support.ClassPathXmlApplicationContextTests" time="0.109"/>
  <testcase name="testFactoryBeanAndApplicationListener" classname="org.springframework.context.support.ClassPathXmlApplicationContextTests" time="0.127"/>
  <testcase name="testMultipleConfigLocationsWithClass" classname="org.springframework.context.support.ClassPathXmlApplicationContextTests" time="0.115"/>
  <testcase name="testMultipleConfigLocations" classname="org.springframework.context.support.ClassPathXmlApplicationContextTests" time="0.348"/>
  <testcase name="testAliasForParentContext" classname="org.springframework.context.support.ClassPathXmlApplicationContextTests" time="0.009"/>
  <testcase name="testGenericApplicationContextWithXmlBeanDefinitions" classname="org.springframework.context.support.ClassPathXmlApplicationContextTests" time="0.17"/>
  <testcase name="testAliasThatOverridesEarlierBean" classname="org.springframework.context.support.ClassPathXmlApplicationContextTests" time="0.007"/>
  <testcase name="testConfigLocationPattern" classname="org.springframework.context.support.ClassPathXmlApplicationContextTests" time="0.108"/>
  <system-out><![CDATA[17:41:45.660 [Test worker] WARN  org.springframework.context.support.ClassPathXmlApplicationContext - Exception encountered during context initialization - cancelling refresh attempt: org.springframework.beans.factory.BeanCreationException: Error creating bean with name 'someMessageSource' defined in class path resource [org/springframework/context/support/invalidValueType.xml]: Initialization of bean failed; nested exception is org.springframework.beans.TypeMismatchException: Failed to convert property value of type 'java.lang.String' to required type 'boolean' for property 'useCodeAsDefaultMessage'; nested exception is java.lang.IllegalArgumentException: Invalid boolean value [xxx]
]]></system-out>
  <system-err><![CDATA[]]></system-err>
</testsuite>
