<?xml version="1.0" encoding="UTF-8"?>
<testsuite name="org.springframework.context.annotation.ComponentScanAndImportAnnotationInteractionTests" tests="6" skipped="0" failures="0" errors="0" timestamp="2020-05-31T09:41:28" hostname="PC-20191010VAVI" time="0.149">
  <properties/>
  <testcase name="componentScanViaImport" classname="org.springframework.context.annotation.ComponentScanAndImportAnnotationInteractionTests" time="0.053"/>
  <testcase name="circularImportViaComponentScan" classname="org.springframework.context.annotation.ComponentScanAndImportAnnotationInteractionTests" time="0.02"/>
  <testcase name="componentScanViaImportUsingScan" classname="org.springframework.context.annotation.ComponentScanAndImportAnnotationInteractionTests" time="0.016"/>
  <testcase name="componentScanViaImportUsingAsm" classname="org.springframework.context.annotation.ComponentScanAndImportAnnotationInteractionTests" time="0.022"/>
  <testcase name="componentScanOverlapsWithImport" classname="org.springframework.context.annotation.ComponentScanAndImportAnnotationInteractionTests" time="0.021"/>
  <testcase name="componentScanOverlapsWithImportUsingAsm" classname="org.springframework.context.annotation.ComponentScanAndImportAnnotationInteractionTests" time="0.017"/>
  <system-out><![CDATA[]]></system-out>
  <system-err><![CDATA[]]></system-err>
</testsuite>
