<?xml version="1.0" encoding="UTF-8"?>
<testsuite name="org.springframework.scheduling.config.AnnotationDrivenBeanDefinitionParserTests" tests="5" skipped="0" failures="0" errors="0" timestamp="2020-05-31T09:42:10" hostname="PC-20191010VAVI" time="0.064">
  <properties/>
  <testcase name="asyncPostProcessorExceptionHandlerReference" classname="org.springframework.scheduling.config.AnnotationDrivenBeanDefinitionParserTests" time="0.027"/>
  <testcase name="scheduledPostProcessorSchedulerReference" classname="org.springframework.scheduling.config.AnnotationDrivenBeanDefinitionParserTests" time="0.009"/>
  <testcase name="asyncPostProcessorRegistered" classname="org.springframework.scheduling.config.AnnotationDrivenBeanDefinitionParserTests" time="0.009"/>
  <testcase name="asyncPostProcessorExecutorReference" classname="org.springframework.scheduling.config.AnnotationDrivenBeanDefinitionParserTests" time="0.01"/>
  <testcase name="scheduledPostProcessorRegistered" classname="org.springframework.scheduling.config.AnnotationDrivenBeanDefinitionParserTests" time="0.009"/>
  <system-out><![CDATA[]]></system-out>
  <system-err><![CDATA[]]></system-err>
</testsuite>
