<?xml version="1.0" encoding="UTF-8"?>
<testsuite name="org.springframework.validation.beanvalidation.SpringValidatorAdapterTests" tests="7" skipped="0" failures="0" errors="0" timestamp="2020-05-31T09:42:21" hostname="PC-20191010VAVI" time="0.14">
  <properties/>
  <testcase name="testNoStringArgumentValue" classname="org.springframework.validation.beanvalidation.SpringValidatorAdapterTests" time="0.018"/>
  <testcase name="testWithList" classname="org.springframework.validation.beanvalidation.SpringValidatorAdapterTests" time="0.054"/>
  <testcase name="testApplyMessageSourceResolvableToStringArgumentValueWithUnresolvedLogicalFieldName" classname="org.springframework.validation.beanvalidation.SpringValidatorAdapterTests" time="0.005"/>
  <testcase name="testWithSet" classname="org.springframework.validation.beanvalidation.SpringValidatorAdapterTests" time="0.023"/>
  <testcase name="testApplyMessageSourceResolvableToStringArgumentValueWithAlwaysUseMessageFormat" classname="org.springframework.validation.beanvalidation.SpringValidatorAdapterTests" time="0.003"/>
  <testcase name="testUnwrap" classname="org.springframework.validation.beanvalidation.SpringValidatorAdapterTests" time="0.0"/>
  <testcase name="testApplyMessageSourceResolvableToStringArgumentValueWithResolvedLogicalFieldName" classname="org.springframework.validation.beanvalidation.SpringValidatorAdapterTests" time="0.004"/>
  <system-out><![CDATA[]]></system-out>
  <system-err><![CDATA[]]></system-err>
</testsuite>
