<?xml version="1.0" encoding="UTF-8"?>
<testsuite name="org.springframework.context.annotation.ImportAwareTests" tests="6" skipped="0" failures="0" errors="0" timestamp="2020-05-31T09:41:39" hostname="PC-20191010VAVI" time="0.231">
  <properties/>
  <testcase name="directlyAnnotatedWithImport" classname="org.springframework.context.annotation.ImportAwareTests" time="0.127"/>
  <testcase name="metadataFromImportsTwoThenOne" classname="org.springframework.context.annotation.ImportAwareTests" time="0.044"/>
  <testcase name="indirectlyAnnotatedWithImport" classname="org.springframework.context.annotation.ImportAwareTests" time="0.016"/>
  <testcase name="importRegistrar" classname="org.springframework.context.annotation.ImportAwareTests" time="0.025"/>
  <testcase name="importRegistrarWithImport" classname="org.springframework.context.annotation.ImportAwareTests" time="0.015"/>
  <testcase name="metadataFromImportsOneThenTwo" classname="org.springframework.context.annotation.ImportAwareTests" time="0.004"/>
  <system-out><![CDATA[]]></system-out>
  <system-err><![CDATA[]]></system-err>
</testsuite>
