<?xml version="1.0" encoding="UTF-8"?>
<testsuite name="org.springframework.jmx.export.LazyInitMBeanTests" tests="1" skipped="0" failures="0" errors="0" timestamp="2020-05-31T09:41:54" hostname="PC-20191010VAVI" time="0.031">
  <properties/>
  <testcase name="invokeOnLazyInitBean" classname="org.springframework.jmx.export.LazyInitMBeanTests" time="0.031"/>
  <system-out><![CDATA[]]></system-out>
  <system-err><![CDATA[]]></system-err>
</testsuite>
