<?xml version="1.0" encoding="UTF-8"?>
<testsuite name="org.springframework.aop.config.AopNamespaceHandlerProxyTargetClassTests" tests="6" skipped="0" failures="0" errors="0" timestamp="2020-05-31T09:41:13" hostname="PC-20191010VAVI" time="0.155">
  <properties/>
  <testcase name="testIsClassProxy" classname="org.springframework.aop.config.AopNamespaceHandlerProxyTargetClassTests" time="0.038"/>
  <testcase name="testAspectAppliedForInitializeBeanWithEmptyName" classname="org.springframework.aop.config.AopNamespaceHandlerProxyTargetClassTests" time="0.028"/>
  <testcase name="testAdviceInvokedCorrectly" classname="org.springframework.aop.config.AopNamespaceHandlerProxyTargetClassTests" time="0.023"/>
  <testcase name="testAspectAppliedForInitializeBeanWithNullName" classname="org.springframework.aop.config.AopNamespaceHandlerProxyTargetClassTests" time="0.027"/>
  <testcase name="testIsProxy" classname="org.springframework.aop.config.AopNamespaceHandlerProxyTargetClassTests" time="0.019"/>
  <testcase name="testAspectApplied" classname="org.springframework.aop.config.AopNamespaceHandlerProxyTargetClassTests" time="0.019"/>
  <system-out><![CDATA[]]></system-out>
  <system-err><![CDATA[]]></system-err>
</testsuite>
