<?xml version="1.0" encoding="UTF-8"?>
<testsuite name="org.springframework.context.conversionservice.ConversionServiceContextConfigTests" tests="1" skipped="0" failures="0" errors="0" timestamp="2020-05-31T09:41:42" hostname="PC-20191010VAVI" time="0.033">
  <properties/>
  <testcase name="testConfigOk" classname="org.springframework.context.conversionservice.ConversionServiceContextConfigTests" time="0.033"/>
  <system-out><![CDATA[]]></system-out>
  <system-err><![CDATA[]]></system-err>
</testsuite>
