<?xml version="1.0" encoding="UTF-8"?>
<testsuite name="org.springframework.aop.framework.autoproxy.AdvisorAutoProxyCreatorTests" tests="6" skipped="0" failures="0" errors="0" timestamp="2020-05-31T09:41:14" hostname="PC-20191010VAVI" time="0.176">
  <properties/>
  <testcase name="testCustomTargetSourceNoMatch" classname="org.springframework.aop.framework.autoproxy.AdvisorAutoProxyCreatorTests" time="0.022"/>
  <testcase name="testLazyInitTargetSource" classname="org.springframework.aop.framework.autoproxy.AdvisorAutoProxyCreatorTests" time="0.011"/>
  <testcase name="testQuickTargetSourceCreator" classname="org.springframework.aop.framework.autoproxy.AdvisorAutoProxyCreatorTests" time="0.051"/>
  <testcase name="testCustomPrototypeTargetSource" classname="org.springframework.aop.framework.autoproxy.AdvisorAutoProxyCreatorTests" time="0.009"/>
  <testcase name="testCommonInterceptorAndAdvisor" classname="org.springframework.aop.framework.autoproxy.AdvisorAutoProxyCreatorTests" time="0.045"/>
  <testcase name="testWithOptimizedProxy" classname="org.springframework.aop.framework.autoproxy.AdvisorAutoProxyCreatorTests" time="0.038"/>
  <system-out><![CDATA[]]></system-out>
  <system-err><![CDATA[]]></system-err>
</testsuite>
