<?xml version="1.0" encoding="UTF-8"?>
<testsuite name="org.springframework.context.annotation.configuration.ImportTests" tests="12" skipped="0" failures="0" errors="0" timestamp="2020-05-31T09:41:37" hostname="PC-20191010VAVI" time="0.181">
  <properties/>
  <testcase name="testImportNonConfigurationAnnotationClass" classname="org.springframework.context.annotation.configuration.ImportTests" time="0.011"/>
  <testcase name="testProcessImportsWithAsm" classname="org.springframework.context.annotation.configuration.ImportTests" time="0.004"/>
  <testcase name="testImportAnnotationWithMultipleArgumentsResultingInOverriddenBeanDefinition" classname="org.springframework.context.annotation.configuration.ImportTests" time="0.016"/>
  <testcase name="testImportAnnotationWithMultipleArguments" classname="org.springframework.context.annotation.configuration.ImportTests" time="0.029"/>
  <testcase name="testImportAnnotationWithThreeLevelRecursion" classname="org.springframework.context.annotation.configuration.ImportTests" time="0.035"/>
  <testcase name="testProcessImportsWithExplicitOverridingBefore" classname="org.springframework.context.annotation.configuration.ImportTests" time="0.016"/>
  <testcase name="testImportAnnotationOnInnerClasses" classname="org.springframework.context.annotation.configuration.ImportTests" time="0.018"/>
  <testcase name="reproSpr9023" classname="org.springframework.context.annotation.configuration.ImportTests" time="0.016"/>
  <testcase name="testProcessImportsWithDoubleImports" classname="org.springframework.context.annotation.configuration.ImportTests" time="0.017"/>
  <testcase name="testProcessImports" classname="org.springframework.context.annotation.configuration.ImportTests" time="0.001"/>
  <testcase name="testProcessImportsWithExplicitOverridingAfter" classname="org.springframework.context.annotation.configuration.ImportTests" time="0.001"/>
  <testcase name="testImportAnnotationWithTwoLevelRecursion" classname="org.springframework.context.annotation.configuration.ImportTests" time="0.016"/>
  <system-out><![CDATA[org.springframework.beans.factory.support.DefaultListableBeanFactory@480e7080: defining beans [org.springframework.context.annotation.internalConfigurationAnnotationProcessor,org.springframework.context.annotation.internalAutowiredAnnotationProcessor,org.springframework.context.annotation.internalRequiredAnnotationProcessor,org.springframework.context.annotation.internalCommonAnnotationProcessor,org.springframework.context.event.internalEventListenerProcessor,org.springframework.context.event.internalEventListenerFactory,config-b,config-a]; root of factory hierarchy
]]></system-out>
  <system-err><![CDATA[]]></system-err>
</testsuite>
