<?xml version="1.0" encoding="UTF-8"?>
<testsuite name="org.springframework.scripting.groovy.GroovyClassLoadingTests" tests="1" skipped="0" failures="0" errors="0" timestamp="2020-05-31T09:42:16" hostname="PC-20191010VAVI" time="0.019">
  <properties/>
  <testcase name="classLoading" classname="org.springframework.scripting.groovy.GroovyClassLoadingTests" time="0.019"/>
  <system-out><![CDATA[]]></system-out>
  <system-err><![CDATA[]]></system-err>
</testsuite>
