<?xml version="1.0" encoding="UTF-8"?>
<testsuite name="org.springframework.context.annotation.Spr15042Tests" tests="1" skipped="0" failures="0" errors="0" timestamp="2020-05-31T09:41:41" hostname="PC-20191010VAVI" time="0.019">
  <properties/>
  <testcase name="poolingTargetSource" classname="org.springframework.context.annotation.Spr15042Tests" time="0.019"/>
  <system-out><![CDATA[17:41:41.686 [Test worker] WARN  org.springframework.beans.factory.support.DefaultListableBeanFactory - Bean creation exception on non-lazy FactoryBean type check: org.springframework.beans.factory.BeanCreationException: Error creating bean with name 'myObject' defined in BeanDefinition defined in org.springframework.context.annotation.Spr15042Tests$PoolingTargetSourceConfig: Initialization of bean failed; nested exception is java.lang.IllegalStateException: Cannot create scoped proxy for bean 'scopedTarget.myObject': Target type could not be determined at the time of proxy creation.
17:41:41.686 [Test worker] WARN  org.springframework.beans.factory.support.DefaultListableBeanFactory - Bean creation exception on non-lazy FactoryBean type check: org.springframework.beans.factory.BeanCreationException: Error creating bean with name 'myObject' defined in BeanDefinition defined in org.springframework.context.annotation.Spr15042Tests$PoolingTargetSourceConfig: Initialization of bean failed; nested exception is java.lang.IllegalStateException: Cannot create scoped proxy for bean 'scopedTarget.myObject': Target type could not be determined at the time of proxy creation.
17:41:41.688 [Test worker] WARN  org.springframework.beans.factory.support.DefaultListableBeanFactory - Bean creation exception on non-lazy FactoryBean type check: org.springframework.beans.factory.BeanCreationException: Error creating bean with name 'myObject' defined in BeanDefinition defined in org.springframework.context.annotation.Spr15042Tests$PoolingTargetSourceConfig: Initialization of bean failed; nested exception is java.lang.IllegalStateException: Cannot create scoped proxy for bean 'scopedTarget.myObject': Target type could not be determined at the time of proxy creation.
17:41:41.688 [Test worker] WARN  org.springframework.beans.factory.support.DefaultListableBeanFactory - Bean creation exception on non-lazy FactoryBean type check: org.springframework.beans.factory.BeanCreationException: Error creating bean with name 'myObject' defined in BeanDefinition defined in org.springframework.context.annotation.Spr15042Tests$PoolingTargetSourceConfig: Initialization of bean failed; nested exception is java.lang.IllegalStateException: Cannot create scoped proxy for bean 'scopedTarget.myObject': Target type could not be determined at the time of proxy creation.
17:41:41.689 [Test worker] WARN  org.springframework.beans.factory.support.DefaultListableBeanFactory - Bean creation exception on non-lazy FactoryBean type check: org.springframework.beans.factory.BeanCreationException: Error creating bean with name 'myObject' defined in BeanDefinition defined in org.springframework.context.annotation.Spr15042Tests$PoolingTargetSourceConfig: Initialization of bean failed; nested exception is java.lang.IllegalStateException: Cannot create scoped proxy for bean 'scopedTarget.myObject': Target type could not be determined at the time of proxy creation.
17:41:41.689 [Test worker] WARN  org.springframework.beans.factory.support.DefaultListableBeanFactory - Bean creation exception on non-lazy FactoryBean type check: org.springframework.beans.factory.BeanCreationException: Error creating bean with name 'myObject' defined in BeanDefinition defined in org.springframework.context.annotation.Spr15042Tests$PoolingTargetSourceConfig: Initialization of bean failed; nested exception is java.lang.IllegalStateException: Cannot create scoped proxy for bean 'scopedTarget.myObject': Target type could not be determined at the time of proxy creation.
]]></system-out>
  <system-err><![CDATA[]]></system-err>
</testsuite>
