<?xml version="1.0" encoding="UTF-8"?>
<testsuite name="org.springframework.context.annotation.Spr6602Tests" tests="2" skipped="0" failures="0" errors="0" timestamp="2020-05-31T09:41:41" hostname="PC-20191010VAVI" time="0.028">
  <properties/>
  <testcase name="testXmlBehavior" classname="org.springframework.context.annotation.Spr6602Tests" time="0.008"/>
  <testcase name="testConfigurationClassBehavior" classname="org.springframework.context.annotation.Spr6602Tests" time="0.02"/>
  <system-out><![CDATA[]]></system-out>
  <system-err><![CDATA[]]></system-err>
</testsuite>
