<?xml version="1.0" encoding="UTF-8"?>
<testsuite name="org.springframework.aop.aspectj.autoproxy.AutoProxyWithCodeStyleAspectsTests" tests="1" skipped="0" failures="0" errors="0" timestamp="2020-05-31T09:40:39" hostname="PC-20191010VAVI" time="1.56">
  <properties/>
  <testcase name="noAutoproxyingOfAjcCompiledAspects" classname="org.springframework.aop.aspectj.autoproxy.AutoProxyWithCodeStyleAspectsTests" time="1.56"/>
  <system-out><![CDATA[]]></system-out>
  <system-err><![CDATA[]]></system-err>
</testsuite>
