<?xml version="1.0" encoding="UTF-8"?>
<testsuite name="org.springframework.beans.factory.aspectj.XmlBeanConfigurerTests" tests="1" skipped="0" failures="0" errors="0" timestamp="2020-05-31T09:40:41" hostname="PC-20191010VAVI" time="0.261">
  <properties/>
  <testcase name="injection" classname="org.springframework.beans.factory.aspectj.XmlBeanConfigurerTests" time="0.261"/>
  <system-out><![CDATA[]]></system-out>
  <system-err><![CDATA[]]></system-err>
</testsuite>
