<?xml version="1.0" encoding="UTF-8"?>
<testsuite name="org.springframework.beans.factory.config.FieldRetrievingFactoryBeanTests" tests="10" skipped="0" failures="0" errors="0" timestamp="2020-05-31T09:40:55" hostname="PC-20191010VAVI" time="0.015">
  <properties/>
  <testcase name="testNothingButBeanName" classname="org.springframework.beans.factory.config.FieldRetrievingFactoryBeanTests" time="0.001"/>
  <testcase name="testJustTargetObject" classname="org.springframework.beans.factory.config.FieldRetrievingFactoryBeanTests" time="0.001"/>
  <testcase name="testJustTargetClass" classname="org.springframework.beans.factory.config.FieldRetrievingFactoryBeanTests" time="0.0"/>
  <testcase name="testJustTargetField" classname="org.springframework.beans.factory.config.FieldRetrievingFactoryBeanTests" time="0.0"/>
  <testcase name="testWithConstantOnClassWithPackageLevelVisibility" classname="org.springframework.beans.factory.config.FieldRetrievingFactoryBeanTests" time="0.001"/>
  <testcase name="testStaticField" classname="org.springframework.beans.factory.config.FieldRetrievingFactoryBeanTests" time="0.0"/>
  <testcase name="testNonStaticField" classname="org.springframework.beans.factory.config.FieldRetrievingFactoryBeanTests" time="0.001"/>
  <testcase name="testStaticFieldViaClassAndFieldName" classname="org.springframework.beans.factory.config.FieldRetrievingFactoryBeanTests" time="0.0"/>
  <testcase name="testStaticFieldWithWhitespace" classname="org.springframework.beans.factory.config.FieldRetrievingFactoryBeanTests" time="0.0"/>
  <testcase name="testBeanNameSyntaxWithBeanFactory" classname="org.springframework.beans.factory.config.FieldRetrievingFactoryBeanTests" time="0.011"/>
  <system-out><![CDATA[]]></system-out>
  <system-err><![CDATA[]]></system-err>
</testsuite>
