<?xml version="1.0" encoding="UTF-8"?>
<testsuite name="org.springframework.beans.factory.config.CustomScopeConfigurerTests" tests="7" skipped="0" failures="0" errors="0" timestamp="2020-05-31T09:40:55" hostname="PC-20191010VAVI" time="0.053">
  <properties/>
  <testcase name="testSunnyDayWithBonaFideScopeClass" classname="org.springframework.beans.factory.config.CustomScopeConfigurerTests" time="0.002"/>
  <testcase name="testWhereScopeMapHasNonStringTypedScopeNameInKeySet" classname="org.springframework.beans.factory.config.CustomScopeConfigurerTests" time="0.0"/>
  <testcase name="testWithNoScopes" classname="org.springframework.beans.factory.config.CustomScopeConfigurerTests" time="0.0"/>
  <testcase name="testSunnyDayWithBonaFideScopeClassName" classname="org.springframework.beans.factory.config.CustomScopeConfigurerTests" time="0.0"/>
  <testcase name="testWhereScopeMapHasNonScopeInstanceInEntrySet" classname="org.springframework.beans.factory.config.CustomScopeConfigurerTests" time="0.0"/>
  <testcase name="testSunnyDayWithBonaFideScopeInstance" classname="org.springframework.beans.factory.config.CustomScopeConfigurerTests" time="0.05"/>
  <testcase name="testWhereScopeMapHasNullScopeValueInEntrySet" classname="org.springframework.beans.factory.config.CustomScopeConfigurerTests" time="0.0"/>
  <system-out><![CDATA[]]></system-out>
  <system-err><![CDATA[]]></system-err>
</testsuite>
