<?xml version="1.0" encoding="UTF-8"?>
<testsuite name="org.springframework.beans.SimplePropertyDescriptorTests" tests="3" skipped="0" failures="0" errors="0" timestamp="2020-05-31T09:40:59" hostname="PC-20191010VAVI" time="0.004">
  <properties/>
  <testcase name="toStringOutput" classname="org.springframework.beans.SimplePropertyDescriptorTests" time="0.002"/>
  <testcase name="indexedEquality" classname="org.springframework.beans.SimplePropertyDescriptorTests" time="0.001"/>
  <testcase name="nonIndexedEquality" classname="org.springframework.beans.SimplePropertyDescriptorTests" time="0.001"/>
  <system-out><![CDATA[]]></system-out>
  <system-err><![CDATA[]]></system-err>
</testsuite>
