<?xml version="1.0" encoding="UTF-8"?>
<testsuite name="org.springframework.beans.factory.FactoryBeanLookupTests" tests="5" skipped="0" failures="0" errors="0" timestamp="2020-05-31T09:40:55" hostname="PC-20191010VAVI" time="0.033">
  <properties/>
  <testcase name="factoryBeanLookupByNameDereferencing" classname="org.springframework.beans.factory.FactoryBeanLookupTests" time="0.007"/>
  <testcase name="factoryBeanLookupByType" classname="org.springframework.beans.factory.FactoryBeanLookupTests" time="0.007"/>
  <testcase name="factoryBeanObjectLookupByName" classname="org.springframework.beans.factory.FactoryBeanLookupTests" time="0.006"/>
  <testcase name="factoryBeanObjectLookupByNameAndType" classname="org.springframework.beans.factory.FactoryBeanLookupTests" time="0.006"/>
  <testcase name="factoryBeanLookupByTypeAndNameDereference" classname="org.springframework.beans.factory.FactoryBeanLookupTests" time="0.007"/>
  <system-out><![CDATA[]]></system-out>
  <system-err><![CDATA[]]></system-err>
</testsuite>
