<?xml version="1.0" encoding="UTF-8"?>
<testsuite name="org.springframework.beans.factory.xml.NestedBeansElementAttributeRecursionTests" tests="7" skipped="0" failures="0" errors="0" timestamp="2020-05-31T09:40:57" hostname="PC-20191010VAVI" time="0.049">
  <properties/>
  <testcase name="defaultMerge" classname="org.springframework.beans.factory.xml.NestedBeansElementAttributeRecursionTests" time="0.013"/>
  <testcase name="defaultAutowireCandidatesWithNonValidatingParser" classname="org.springframework.beans.factory.xml.NestedBeansElementAttributeRecursionTests" time="0.003"/>
  <testcase name="initMethod" classname="org.springframework.beans.factory.xml.NestedBeansElementAttributeRecursionTests" time="0.012"/>
  <testcase name="defaultMergeWithNonValidatingParser" classname="org.springframework.beans.factory.xml.NestedBeansElementAttributeRecursionTests" time="0.004"/>
  <testcase name="defaultLazyInit" classname="org.springframework.beans.factory.xml.NestedBeansElementAttributeRecursionTests" time="0.007"/>
  <testcase name="defaultAutowireCandidates" classname="org.springframework.beans.factory.xml.NestedBeansElementAttributeRecursionTests" time="0.007"/>
  <testcase name="defaultLazyInitWithNonValidatingParser" classname="org.springframework.beans.factory.xml.NestedBeansElementAttributeRecursionTests" time="0.003"/>
  <system-out><![CDATA[]]></system-out>
  <system-err><![CDATA[]]></system-err>
</testsuite>
