<?xml version="1.0" encoding="UTF-8"?>
<testsuite name="org.springframework.beans.factory.parsing.CustomProblemReporterTests" tests="1" skipped="0" failures="0" errors="0" timestamp="2020-05-31T09:40:55" hostname="PC-20191010VAVI" time="0.021">
  <properties/>
  <testcase name="testErrorsAreCollated" classname="org.springframework.beans.factory.parsing.CustomProblemReporterTests" time="0.021"/>
  <system-out><![CDATA[]]></system-out>
  <system-err><![CDATA[]]></system-err>
</testsuite>
