<?xml version="1.0" encoding="UTF-8"?>
<testsuite name="org.springframework.beans.factory.xml.NestedBeansElementTests" tests="2" skipped="0" failures="0" errors="0" timestamp="2020-05-31T09:40:57" hostname="PC-20191010VAVI" time="0.018">
  <properties/>
  <testcase name="getBean_withActiveProfile" classname="org.springframework.beans.factory.xml.NestedBeansElementTests" time="0.009"/>
  <testcase name="getBean_withoutActiveProfile" classname="org.springframework.beans.factory.xml.NestedBeansElementTests" time="0.009"/>
  <system-out><![CDATA[]]></system-out>
  <system-err><![CDATA[]]></system-err>
</testsuite>
