<?xml version="1.0" encoding="UTF-8"?>
<testsuite name="org.springframework.beans.factory.support.Spr8954Tests" tests="3" skipped="0" failures="0" errors="0" timestamp="2020-05-31T09:40:56" hostname="PC-20191010VAVI" time="0.021">
  <properties/>
  <testcase name="repro" classname="org.springframework.beans.factory.support.Spr8954Tests" time="0.02"/>
  <testcase name="findsFactoryBeanNameByTypeWithoutInstantiation" classname="org.springframework.beans.factory.support.Spr8954Tests" time="0.001"/>
  <testcase name="findsBeansByTypeIfNotInstantiated" classname="org.springframework.beans.factory.support.Spr8954Tests" time="0.0"/>
  <system-out><![CDATA[]]></system-out>
  <system-err><![CDATA[]]></system-err>
</testsuite>
