<?xml version="1.0" encoding="UTF-8"?>
<testsuite name="org.springframework.beans.factory.xml.BeanNameGenerationTests" tests="1" skipped="0" failures="0" errors="0" timestamp="2020-05-31T09:40:56" hostname="PC-20191010VAVI" time="0.016">
  <properties/>
  <testcase name="naming" classname="org.springframework.beans.factory.xml.BeanNameGenerationTests" time="0.016"/>
  <system-out><![CDATA[]]></system-out>
  <system-err><![CDATA[]]></system-err>
</testsuite>
