<?xml version="1.0" encoding="UTF-8"?>
<testsuite name="org.springframework.beans.support.PropertyComparatorTests" tests="4" skipped="0" failures="0" errors="0" timestamp="2020-05-31T09:40:59" hostname="PC-20191010VAVI" time="0.014">
  <properties/>
  <testcase name="testPropertyComparatorNulls" classname="org.springframework.beans.support.PropertyComparatorTests" time="0.012"/>
  <testcase name="testChainedComparatorsReversed" classname="org.springframework.beans.support.PropertyComparatorTests" time="0.001"/>
  <testcase name="testPropertyComparator" classname="org.springframework.beans.support.PropertyComparatorTests" time="0.0"/>
  <testcase name="testChainedComparators" classname="org.springframework.beans.support.PropertyComparatorTests" time="0.0"/>
  <system-out><![CDATA[]]></system-out>
  <system-err><![CDATA[]]></system-err>
</testsuite>
