<?xml version="1.0" encoding="UTF-8"?>
<testsuite name="org.springframework.beans.factory.config.ObjectFactoryCreatingFactoryBeanTests" tests="9" skipped="0" failures="0" errors="0" timestamp="2020-05-31T09:40:55" hostname="PC-20191010VAVI" time="0.142">
  <properties/>
  <testcase name="testWhenTargetBeanNameIsEmptyString" classname="org.springframework.beans.factory.config.ObjectFactoryCreatingFactoryBeanTests" time="0.011"/>
  <testcase name="testWhenTargetBeanNameIsNull" classname="org.springframework.beans.factory.config.ObjectFactoryCreatingFactoryBeanTests" time="0.004"/>
  <testcase name="testFactoryOperation" classname="org.springframework.beans.factory.config.ObjectFactoryCreatingFactoryBeanTests" time="0.014"/>
  <testcase name="testProviderSerialization" classname="org.springframework.beans.factory.config.ObjectFactoryCreatingFactoryBeanTests" time="0.017"/>
  <testcase name="testDoesNotComplainWhenTargetBeanNameRefersToSingleton" classname="org.springframework.beans.factory.config.ObjectFactoryCreatingFactoryBeanTests" time="0.079"/>
  <testcase name="testWhenTargetBeanNameIsWhitespacedString" classname="org.springframework.beans.factory.config.ObjectFactoryCreatingFactoryBeanTests" time="0.004"/>
  <testcase name="testFactorySerialization" classname="org.springframework.beans.factory.config.ObjectFactoryCreatingFactoryBeanTests" time="0.005"/>
  <testcase name="testEnsureOFBFBReportsThatItActuallyCreatesObjectFactoryInstances" classname="org.springframework.beans.factory.config.ObjectFactoryCreatingFactoryBeanTests" time="0.003"/>
  <testcase name="testProviderOperation" classname="org.springframework.beans.factory.config.ObjectFactoryCreatingFactoryBeanTests" time="0.004"/>
  <system-out><![CDATA[]]></system-out>
  <system-err><![CDATA[]]></system-err>
</testsuite>
