<?xml version="1.0" encoding="UTF-8"?>
<testsuite name="org.springframework.beans.propertyeditors.PathEditorTests" tests="6" skipped="0" failures="0" errors="0" timestamp="2020-05-31T09:40:58" hostname="PC-20191010VAVI" time="0.01">
  <properties/>
  <testcase name="testUnqualifiedPathNameFound" classname="org.springframework.beans.propertyeditors.PathEditorTests" time="0.0"/>
  <testcase name="testUnqualifiedPathNameNotFound" classname="org.springframework.beans.propertyeditors.PathEditorTests" time="0.006"/>
  <testcase name="testAbsolutePath" classname="org.springframework.beans.propertyeditors.PathEditorTests" time="0.001"/>
  <testcase name="testWithNonExistentResource" classname="org.springframework.beans.propertyeditors.PathEditorTests" time="0.002"/>
  <testcase name="testWithNonExistentPath" classname="org.springframework.beans.propertyeditors.PathEditorTests" time="0.0"/>
  <testcase name="testClasspathPathName" classname="org.springframework.beans.propertyeditors.PathEditorTests" time="0.001"/>
  <system-out><![CDATA[]]></system-out>
  <system-err><![CDATA[]]></system-err>
</testsuite>
