<?xml version="1.0" encoding="UTF-8"?>
<testsuite name="org.springframework.beans.MutablePropertyValuesTests" tests="4" skipped="0" failures="0" errors="0" timestamp="2020-05-31T09:40:58" hostname="PC-20191010VAVI" time="0.0">
  <properties/>
  <testcase name="testAddOrOverride" classname="org.springframework.beans.MutablePropertyValuesTests" time="0.0"/>
  <testcase name="testValid" classname="org.springframework.beans.MutablePropertyValuesTests" time="0.0"/>
  <testcase name="testChangesOnEquals" classname="org.springframework.beans.MutablePropertyValuesTests" time="0.0"/>
  <testcase name="testChangeOfOneField" classname="org.springframework.beans.MutablePropertyValuesTests" time="0.0"/>
  <system-out><![CDATA[]]></system-out>
  <system-err><![CDATA[]]></system-err>
</testsuite>
