<?xml version="1.0" encoding="UTF-8"?>
<testsuite name="org.springframework.beans.factory.support.PropertiesBeanDefinitionReaderTests" tests="3" skipped="0" failures="0" errors="0" timestamp="2020-05-31T09:40:56" hostname="PC-20191010VAVI" time="0.005">
  <properties/>
  <testcase name="withMultipleConstructorsArgs" classname="org.springframework.beans.factory.support.PropertiesBeanDefinitionReaderTests" time="0.001"/>
  <testcase name="withSimpleConstructorArg" classname="org.springframework.beans.factory.support.PropertiesBeanDefinitionReaderTests" time="0.001"/>
  <testcase name="withConstructorArgRef" classname="org.springframework.beans.factory.support.PropertiesBeanDefinitionReaderTests" time="0.002"/>
  <system-out><![CDATA[]]></system-out>
  <system-err><![CDATA[]]></system-err>
</testsuite>
