<?xml version="1.0" encoding="UTF-8"?>
<testsuite name="org.springframework.beans.factory.Spr5475Tests" tests="4" skipped="0" failures="0" errors="0" timestamp="2020-05-31T09:40:55" hostname="PC-20191010VAVI" time="0.002">
  <properties/>
  <testcase name="noArgFactoryMethodInvokedWithTwoArgs" classname="org.springframework.beans.factory.Spr5475Tests" time="0.001"/>
  <testcase name="noArgFactoryMethodInvokedWithOneArg" classname="org.springframework.beans.factory.Spr5475Tests" time="0.001"/>
  <testcase name="singleArgFactoryMethodInvokedWithNoArgs" classname="org.springframework.beans.factory.Spr5475Tests" time="0.0"/>
  <testcase name="noArgFactoryMethodInvokedWithTwoArgsAndTypesSpecified" classname="org.springframework.beans.factory.Spr5475Tests" time="0.0"/>
  <system-out><![CDATA[]]></system-out>
  <system-err><![CDATA[]]></system-err>
</testsuite>
