<?xml version="1.0" encoding="UTF-8"?>
<testsuite name="org.springframework.aop.support.ComposablePointcutTests" tests="5" skipped="0" failures="0" errors="0" timestamp="2020-05-31T09:38:58" hostname="PC-20191010VAVI" time="0.003">
  <properties/>
  <testcase name="testUnionMethodMatcher" classname="org.springframework.aop.support.ComposablePointcutTests" time="0.003"/>
  <testcase name="testIntersectionMethodMatcher" classname="org.springframework.aop.support.ComposablePointcutTests" time="0.0"/>
  <testcase name="testMatchAll" classname="org.springframework.aop.support.ComposablePointcutTests" time="0.0"/>
  <testcase name="testEqualsAndHashCode" classname="org.springframework.aop.support.ComposablePointcutTests" time="0.0"/>
  <testcase name="testFilterByClass" classname="org.springframework.aop.support.ComposablePointcutTests" time="0.0"/>
  <system-out><![CDATA[]]></system-out>
  <system-err><![CDATA[]]></system-err>
</testsuite>
