<?xml version="1.0" encoding="UTF-8"?>
<testsuite name="org.springframework.aop.interceptor.ConcurrencyThrottleInterceptorTests" tests="3" skipped="0" failures="0" errors="0" timestamp="2020-05-31T09:38:58" hostname="PC-20191010VAVI" time="0.173">
  <properties/>
  <testcase name="testMultipleThreadsWithLimit1" classname="org.springframework.aop.interceptor.ConcurrencyThrottleInterceptorTests" time="0.095"/>
  <testcase name="testMultipleThreadsWithLimit10" classname="org.springframework.aop.interceptor.ConcurrencyThrottleInterceptorTests" time="0.064"/>
  <testcase name="testSerializable" classname="org.springframework.aop.interceptor.ConcurrencyThrottleInterceptorTests" time="0.014"/>
  <system-out><![CDATA[]]></system-out>
  <system-err><![CDATA[]]></system-err>
</testsuite>
