<?xml version="1.0" encoding="UTF-8"?>
<testsuite name="org.springframework.aop.config.TopLevelAopTagTests" tests="1" skipped="0" failures="0" errors="0" timestamp="2020-05-31T09:38:57" hostname="PC-20191010VAVI" time="0.017">
  <properties/>
  <testcase name="testParse" classname="org.springframework.aop.config.TopLevelAopTagTests" time="0.017"/>
  <system-out><![CDATA[]]></system-out>
  <system-err><![CDATA[]]></system-err>
</testsuite>
