<?xml version="1.0" encoding="UTF-8"?>
<testsuite name="org.springframework.aop.aspectj.BeanNamePointcutMatchingTests" tests="2" skipped="0" failures="0" errors="0" timestamp="2020-05-31T09:38:56" hostname="PC-20191010VAVI" time="0.009">
  <properties/>
  <testcase name="testNonMatchingPointcuts" classname="org.springframework.aop.aspectj.BeanNamePointcutMatchingTests" time="0.008"/>
  <testcase name="testMatchingPointcuts" classname="org.springframework.aop.aspectj.BeanNamePointcutMatchingTests" time="0.001"/>
  <system-out><![CDATA[]]></system-out>
  <system-err><![CDATA[]]></system-err>
</testsuite>
