<?xml version="1.0" encoding="UTF-8"?>
<testsuite name="org.springframework.aop.framework.IntroductionBenchmarkTests" tests="1" skipped="0" failures="0" errors="0" timestamp="2020-05-31T09:38:57" hostname="PC-20191010VAVI" time="0.088">
  <properties/>
  <testcase name="timeManyInvocations" classname="org.springframework.aop.framework.IntroductionBenchmarkTests" time="0.088"/>
  <system-out><![CDATA[StopWatch '': running time (millis) = 80
-----------------------------------------
ms     %     Task name
-----------------------------------------
00047  059%  100000 invocations on proxy, not hitting introduction
00031  039%  100000 invocations on proxy, hitting introduction
00002  002%  100000 invocations on target

]]></system-out>
  <system-err><![CDATA[]]></system-err>
</testsuite>
