<?xml version="1.0" encoding="UTF-8"?>
<testsuite name="org.springframework.aop.interceptor.JamonPerformanceMonitorInterceptorTests" tests="2" skipped="0" failures="0" errors="0" timestamp="2020-05-31T09:38:58" hostname="PC-20191010VAVI" time="0.035">
  <properties/>
  <testcase name="testInvokeUnderTraceWithNormalProcessing" classname="org.springframework.aop.interceptor.JamonPerformanceMonitorInterceptorTests" time="0.032"/>
  <testcase name="testInvokeUnderTraceWithExceptionTracking" classname="org.springframework.aop.interceptor.JamonPerformanceMonitorInterceptorTests" time="0.002"/>
  <system-out><![CDATA[]]></system-out>
  <system-err><![CDATA[]]></system-err>
</testsuite>
