<?xml version="1.0" encoding="UTF-8"?>
<testsuite name="org.springframework.aop.aspectj.TrickyAspectJPointcutExpressionTests" tests="5" skipped="0" failures="0" errors="0" timestamp="2020-05-31T09:38:56" hostname="PC-20191010VAVI" time="0.027">
  <properties/>
  <testcase name="testManualProxyJavaWithDynamicPointcutAndProxyTargetClass" classname="org.springframework.aop.aspectj.TrickyAspectJPointcutExpressionTests" time="0.013"/>
  <testcase name="testManualProxyJavaWithDynamicPointcut" classname="org.springframework.aop.aspectj.TrickyAspectJPointcutExpressionTests" time="0.004"/>
  <testcase name="testManualProxyJavaWithStaticPointcutAndTwoClassLoaders" classname="org.springframework.aop.aspectj.TrickyAspectJPointcutExpressionTests" time="0.007"/>
  <testcase name="testManualProxyJavaWithStaticPointcut" classname="org.springframework.aop.aspectj.TrickyAspectJPointcutExpressionTests" time="0.002"/>
  <testcase name="testManualProxyJavaWithUnconditionalPointcut" classname="org.springframework.aop.aspectj.TrickyAspectJPointcutExpressionTests" time="0.0"/>
  <system-out><![CDATA[]]></system-out>
  <system-err><![CDATA[]]></system-err>
</testsuite>
