<?xml version="1.0" encoding="UTF-8"?>
<testsuite name="org.springframework.aop.target.PrototypeTargetSourceTests" tests="1" skipped="0" failures="0" errors="0" timestamp="2020-05-31T09:38:58" hostname="PC-20191010VAVI" time="0.019">
  <properties/>
  <testcase name="testPrototypeAndSingletonBehaveDifferently" classname="org.springframework.aop.target.PrototypeTargetSourceTests" time="0.019"/>
  <system-out><![CDATA[]]></system-out>
  <system-err><![CDATA[]]></system-err>
</testsuite>
