<?xml version="1.0" encoding="UTF-8"?>
<testsuite name="org.springframework.cache.jcache.interceptor.CacheResolverAdapterTests" tests="2" skipped="0" failures="0" errors="0" timestamp="2020-05-31T09:42:46" hostname="PC-20191010VAVI" time="0.022">
  <properties/>
  <testcase name="resolveSimpleCache" classname="org.springframework.cache.jcache.interceptor.CacheResolverAdapterTests" time="0.018"/>
  <testcase name="resolveUnknownCache" classname="org.springframework.cache.jcache.interceptor.CacheResolverAdapterTests" time="0.004"/>
  <system-out><![CDATA[]]></system-out>
  <system-err><![CDATA[]]></system-err>
</testsuite>
