<?xml version="1.0" encoding="UTF-8"?>
<testsuite name="org.springframework.cache.transaction.TransactionAwareCacheDecoratorTests" tests="10" skipped="0" failures="0" errors="0" timestamp="2020-05-31T09:42:51" hostname="PC-20191010VAVI" time="0.018">
  <properties/>
  <testcase name="regularOperationsOnTarget" classname="org.springframework.cache.transaction.TransactionAwareCacheDecoratorTests" time="0.002"/>
  <testcase name="evictTransactional" classname="org.springframework.cache.transaction.TransactionAwareCacheDecoratorTests" time="0.014"/>
  <testcase name="evictNonTransactional" classname="org.springframework.cache.transaction.TransactionAwareCacheDecoratorTests" time="0.0"/>
  <testcase name="clearTransactional" classname="org.springframework.cache.transaction.TransactionAwareCacheDecoratorTests" time="0.001"/>
  <testcase name="putIfAbsent" classname="org.springframework.cache.transaction.TransactionAwareCacheDecoratorTests" time="0.0"/>
  <testcase name="clearNonTransactional" classname="org.springframework.cache.transaction.TransactionAwareCacheDecoratorTests" time="0.0"/>
  <testcase name="getTargetCache" classname="org.springframework.cache.transaction.TransactionAwareCacheDecoratorTests" time="0.0"/>
  <testcase name="putTransactional" classname="org.springframework.cache.transaction.TransactionAwareCacheDecoratorTests" time="0.001"/>
  <testcase name="putNonTransactional" classname="org.springframework.cache.transaction.TransactionAwareCacheDecoratorTests" time="0.0"/>
  <testcase name="createWithNullTarget" classname="org.springframework.cache.transaction.TransactionAwareCacheDecoratorTests" time="0.0"/>
  <system-out><![CDATA[]]></system-out>
  <system-err><![CDATA[]]></system-err>
</testsuite>
