<?xml version="1.0" encoding="UTF-8"?>
<testsuite name="org.springframework.scheduling.quartz.QuartzSchedulerLifecycleTests" tests="2" skipped="0" failures="0" errors="0" timestamp="2020-05-31T09:42:52" hostname="PC-20191010VAVI" time="0.169">
  <properties/>
  <testcase name="destroyLazyInitSchedulerWithCustomShutdownOrderDoesNotHang" classname="org.springframework.scheduling.quartz.QuartzSchedulerLifecycleTests" time="0.157"/>
  <testcase name="destroyLazyInitSchedulerWithDefaultShutdownOrderDoesNotHang" classname="org.springframework.scheduling.quartz.QuartzSchedulerLifecycleTests" time="0.012"/>
  <system-out><![CDATA[]]></system-out>
  <system-err><![CDATA[]]></system-err>
</testsuite>
