<?xml version="1.0" encoding="UTF-8"?>
<testsuite name="org.springframework.validation.beanvalidation2.ValidatorFactoryTests" tests="12" skipped="0" failures="0" errors="0" timestamp="2020-05-31T09:42:54" hostname="PC-20191010VAVI" time="0.531">
  <properties/>
  <testcase name="testValidationWithOptionalField" classname="org.springframework.validation.beanvalidation2.ValidatorFactoryTests" time="0.034"/>
  <testcase name="testSpringValidationFieldType" classname="org.springframework.validation.beanvalidation2.ValidatorFactoryTests" time="0.062"/>
  <testcase name="testSpringValidationWithErrorInListElement" classname="org.springframework.validation.beanvalidation2.ValidatorFactoryTests" time="0.053"/>
  <testcase name="testSpringValidationWithClassLevel" classname="org.springframework.validation.beanvalidation2.ValidatorFactoryTests" time="0.043"/>
  <testcase name="testInnerBeanValidation" classname="org.springframework.validation.beanvalidation2.ValidatorFactoryTests" time="0.018"/>
  <testcase name="testSpringValidationWithErrorInSetElement" classname="org.springframework.validation.beanvalidation2.ValidatorFactoryTests" time="0.059"/>
  <testcase name="testSpringValidationWithAutowiredValidator" classname="org.springframework.validation.beanvalidation2.ValidatorFactoryTests" time="0.087"/>
  <testcase name="testSimpleValidation" classname="org.springframework.validation.beanvalidation2.ValidatorFactoryTests" time="0.04"/>
  <testcase name="testListValidation" classname="org.springframework.validation.beanvalidation2.ValidatorFactoryTests" time="0.028"/>
  <testcase name="testSimpleValidationWithClassLevel" classname="org.springframework.validation.beanvalidation2.ValidatorFactoryTests" time="0.034"/>
  <testcase name="testSimpleValidationWithCustomProvider" classname="org.springframework.validation.beanvalidation2.ValidatorFactoryTests" time="0.038"/>
  <testcase name="testSpringValidation" classname="org.springframework.validation.beanvalidation2.ValidatorFactoryTests" time="0.034"/>
  <system-out><![CDATA[]]></system-out>
  <system-err><![CDATA[]]></system-err>
</testsuite>
