<?xml version="1.0" encoding="UTF-8"?>
<testsuite name="org.springframework.cache.jcache.config.JCacheJavaConfigTests" tests="32" skipped="0" failures="0" errors="0" timestamp="2020-05-31T09:42:43" hostname="PC-20191010VAVI" time="1.444">
  <properties/>
  <testcase name="bothSetOnlyResolverIsUsed" classname="org.springframework.cache.jcache.config.JCacheJavaConfigTests" time="0.173"/>
  <testcase name="emptyConfigSupport" classname="org.springframework.cache.jcache.config.JCacheJavaConfigTests" time="0.118"/>
  <testcase name="fullCachingConfig" classname="org.springframework.cache.jcache.config.JCacheJavaConfigTests" time="0.103"/>
  <testcase name="exceptionCacheResolverLazilyRequired" classname="org.springframework.cache.jcache.config.JCacheJavaConfigTests" time="0.086"/>
  <testcase name="earlyPutWithExceptionVetoPut" classname="org.springframework.cache.jcache.config.JCacheJavaConfigTests" time="0.035"/>
  <testcase name="removeWithException" classname="org.springframework.cache.jcache.config.JCacheJavaConfigTests" time="0.037"/>
  <testcase name="cacheExceptionVetoed" classname="org.springframework.cache.jcache.config.JCacheJavaConfigTests" time="0.042"/>
  <testcase name="cacheWithCustomCacheResolver" classname="org.springframework.cache.jcache.config.JCacheJavaConfigTests" time="0.155"/>
  <testcase name="earlyRemove" classname="org.springframework.cache.jcache.config.JCacheJavaConfigTests" time="0.037"/>
  <testcase name="remove" classname="org.springframework.cache.jcache.config.JCacheJavaConfigTests" time="0.027"/>
  <testcase name="earlyPut" classname="org.springframework.cache.jcache.config.JCacheJavaConfigTests" time="0.027"/>
  <testcase name="putWithException" classname="org.springframework.cache.jcache.config.JCacheJavaConfigTests" time="0.033"/>
  <testcase name="removeWithExceptionVetoRemove" classname="org.springframework.cache.jcache.config.JCacheJavaConfigTests" time="0.032"/>
  <testcase name="cacheWithCustomKeyGenerator" classname="org.springframework.cache.jcache.config.JCacheJavaConfigTests" time="0.035"/>
  <testcase name="cacheNull" classname="org.springframework.cache.jcache.config.JCacheJavaConfigTests" time="0.025"/>
  <testcase name="cacheCheckedException" classname="org.springframework.cache.jcache.config.JCacheJavaConfigTests" time="0.025"/>
  <testcase name="earlyRemoveAll" classname="org.springframework.cache.jcache.config.JCacheJavaConfigTests" time="0.032"/>
  <testcase name="put" classname="org.springframework.cache.jcache.config.JCacheJavaConfigTests" time="0.026"/>
  <testcase name="earlyRemoveAllWithExceptionVetoRemove" classname="org.springframework.cache.jcache.config.JCacheJavaConfigTests" time="0.028"/>
  <testcase name="earlyPutWithException" classname="org.springframework.cache.jcache.config.JCacheJavaConfigTests" time="0.031"/>
  <testcase name="cache" classname="org.springframework.cache.jcache.config.JCacheJavaConfigTests" time="0.027"/>
  <testcase name="earlyRemoveAllWithException" classname="org.springframework.cache.jcache.config.JCacheJavaConfigTests" time="0.024"/>
  <testcase name="earlyRemoveWithException" classname="org.springframework.cache.jcache.config.JCacheJavaConfigTests" time="0.025"/>
  <testcase name="cacheAlwaysInvoke" classname="org.springframework.cache.jcache.config.JCacheJavaConfigTests" time="0.025"/>
  <testcase name="removeAllWithExceptionVetoRemove" classname="org.springframework.cache.jcache.config.JCacheJavaConfigTests" time="0.031"/>
  <testcase name="earlyRemoveWithExceptionVetoRemove" classname="org.springframework.cache.jcache.config.JCacheJavaConfigTests" time="0.023"/>
  <testcase name="removeAll" classname="org.springframework.cache.jcache.config.JCacheJavaConfigTests" time="0.033"/>
  <testcase name="removeAllWithException" classname="org.springframework.cache.jcache.config.JCacheJavaConfigTests" time="0.028"/>
  <testcase name="cacheWithPartialKey" classname="org.springframework.cache.jcache.config.JCacheJavaConfigTests" time="0.026"/>
  <testcase name="putWithExceptionVetoPut" classname="org.springframework.cache.jcache.config.JCacheJavaConfigTests" time="0.033"/>
  <testcase name="cacheException" classname="org.springframework.cache.jcache.config.JCacheJavaConfigTests" time="0.025"/>
  <testcase name="cacheExceptionRewriteCallStack" classname="org.springframework.cache.jcache.config.JCacheJavaConfigTests" time="0.034"/>
  <system-out><![CDATA[]]></system-out>
  <system-err><![CDATA[]]></system-err>
</testsuite>
