<?xml version="1.0" encoding="UTF-8"?>
<testsuite name="org.springframework.cache.jcache.JCacheEhCache3AnnotationTests" tests="59" skipped="1" failures="0" errors="0" timestamp="2020-05-31T09:42:47" hostname="PC-20191010VAVI" time="2.712">
  <properties/>
  <testcase name="testCustomCacheManager" classname="org.springframework.cache.jcache.JCacheEhCache3AnnotationTests" time="0.0">
    <skipped/>
  </testcase>
  <testcase name="testMultiConditionalCacheAndEvict" classname="org.springframework.cache.jcache.JCacheEhCache3AnnotationTests" time="0.703"/>
  <testcase name="testClassCheckedExceptionSync" classname="org.springframework.cache.jcache.JCacheEhCache3AnnotationTests" time="0.064"/>
  <testcase name="testKeyExpression" classname="org.springframework.cache.jcache.JCacheEhCache3AnnotationTests" time="0.035"/>
  <testcase name="testConditionalUpdate" classname="org.springframework.cache.jcache.JCacheEhCache3AnnotationTests" time="0.048"/>
  <testcase name="testClassMultiCacheAndEvict" classname="org.springframework.cache.jcache.JCacheEhCache3AnnotationTests" time="0.038"/>
  <testcase name="testCacheableSyncNull" classname="org.springframework.cache.jcache.JCacheEhCache3AnnotationTests" time="0.031"/>
  <testcase name="testUnknownCustomKeyGenerator" classname="org.springframework.cache.jcache.JCacheEhCache3AnnotationTests" time="0.031"/>
  <testcase name="testClassRootVars" classname="org.springframework.cache.jcache.JCacheEhCache3AnnotationTests" time="0.041"/>
  <testcase name="testMethodName" classname="org.springframework.cache.jcache.JCacheEhCache3AnnotationTests" time="0.038"/>
  <testcase name="testEvictWithException" classname="org.springframework.cache.jcache.JCacheEhCache3AnnotationTests" time="0.031"/>
  <testcase name="testClassUpdate" classname="org.springframework.cache.jcache.JCacheEhCache3AnnotationTests" time="0.031"/>
  <testcase name="testClassEarlyInvalidate" classname="org.springframework.cache.jcache.JCacheEhCache3AnnotationTests" time="0.037"/>
  <testcase name="testCheckedExceptionSync" classname="org.springframework.cache.jcache.JCacheEhCache3AnnotationTests" time="0.038"/>
  <testcase name="testClassNullArg" classname="org.springframework.cache.jcache.JCacheEhCache3AnnotationTests" time="0.04"/>
  <testcase name="testClassEvictAll" classname="org.springframework.cache.jcache.JCacheEhCache3AnnotationTests" time="0.052"/>
  <testcase name="testPutRefersToResult" classname="org.springframework.cache.jcache.JCacheEhCache3AnnotationTests" time="0.039"/>
  <testcase name="testClassCacheUnlessExpression" classname="org.springframework.cache.jcache.JCacheEhCache3AnnotationTests" time="0.031"/>
  <testcase name="testConditionalExpressionSync" classname="org.springframework.cache.jcache.JCacheEhCache3AnnotationTests" time="0.028"/>
  <testcase name="testClassConditionalUpdate" classname="org.springframework.cache.jcache.JCacheEhCache3AnnotationTests" time="0.028"/>
  <testcase name="testConditionalExpression" classname="org.springframework.cache.jcache.JCacheEhCache3AnnotationTests" time="0.028"/>
  <testcase name="testClassMultiPut" classname="org.springframework.cache.jcache.JCacheEhCache3AnnotationTests" time="0.035"/>
  <testcase name="testInvalidateWithKey" classname="org.springframework.cache.jcache.JCacheEhCache3AnnotationTests" time="0.036"/>
  <testcase name="testEarlyInvalidate" classname="org.springframework.cache.jcache.JCacheEhCache3AnnotationTests" time="0.031"/>
  <testcase name="testClassUncheckedException" classname="org.springframework.cache.jcache.JCacheEhCache3AnnotationTests" time="0.032"/>
  <testcase name="testClassNullValue" classname="org.springframework.cache.jcache.JCacheEhCache3AnnotationTests" time="0.03"/>
  <testcase name="testEarlyInvalidateWithKey" classname="org.springframework.cache.jcache.JCacheEhCache3AnnotationTests" time="0.037"/>
  <testcase name="testClassEarlyInvalidateWithKey" classname="org.springframework.cache.jcache.JCacheEhCache3AnnotationTests" time="0.037"/>
  <testcase name="testUncheckedExceptionSync" classname="org.springframework.cache.jcache.JCacheEhCache3AnnotationTests" time="0.031"/>
  <testcase name="testClassUncheckedExceptionSync" classname="org.springframework.cache.jcache.JCacheEhCache3AnnotationTests" time="0.039"/>
  <testcase name="testClassCacheCacheable" classname="org.springframework.cache.jcache.JCacheEhCache3AnnotationTests" time="0.032"/>
  <testcase name="testClassMethodName" classname="org.springframework.cache.jcache.JCacheEhCache3AnnotationTests" time="0.039"/>
  <testcase name="testCustomKeyGenerator" classname="org.springframework.cache.jcache.JCacheEhCache3AnnotationTests" time="0.035"/>
  <testcase name="testCacheable" classname="org.springframework.cache.jcache.JCacheEhCache3AnnotationTests" time="0.03"/>
  <testcase name="testCheckedException" classname="org.springframework.cache.jcache.JCacheEhCache3AnnotationTests" time="0.035"/>
  <testcase name="testClassPutRefersToResult" classname="org.springframework.cache.jcache.JCacheEhCache3AnnotationTests" time="0.035"/>
  <testcase name="testVarArgsKey" classname="org.springframework.cache.jcache.JCacheEhCache3AnnotationTests" time="0.045"/>
  <testcase name="testMultiCache" classname="org.springframework.cache.jcache.JCacheEhCache3AnnotationTests" time="0.08"/>
  <testcase name="testMultiEvict" classname="org.springframework.cache.jcache.JCacheEhCache3AnnotationTests" time="0.035"/>
  <testcase name="testMultiCacheAndEvict" classname="org.springframework.cache.jcache.JCacheEhCache3AnnotationTests" time="0.026"/>
  <testcase name="testRootVars" classname="org.springframework.cache.jcache.JCacheEhCache3AnnotationTests" time="0.037"/>
  <testcase name="testClassMultiConditionalCacheAndEvict" classname="org.springframework.cache.jcache.JCacheEhCache3AnnotationTests" time="0.03"/>
  <testcase name="testClassCacheInvalidateWKey" classname="org.springframework.cache.jcache.JCacheEhCache3AnnotationTests" time="0.034"/>
  <testcase name="testClassEvictWithException" classname="org.springframework.cache.jcache.JCacheEhCache3AnnotationTests" time="0.036"/>
  <testcase name="testClassCheckedException" classname="org.springframework.cache.jcache.JCacheEhCache3AnnotationTests" time="0.032"/>
  <testcase name="testUnlessExpression" classname="org.springframework.cache.jcache.JCacheEhCache3AnnotationTests" time="0.036"/>
  <testcase name="testEvictAll" classname="org.springframework.cache.jcache.JCacheEhCache3AnnotationTests" time="0.028"/>
  <testcase name="testCacheableNull" classname="org.springframework.cache.jcache.JCacheEhCache3AnnotationTests" time="0.029"/>
  <testcase name="testCacheableSync" classname="org.springframework.cache.jcache.JCacheEhCache3AnnotationTests" time="0.036"/>
  <testcase name="testClassCacheInvalidate" classname="org.springframework.cache.jcache.JCacheEhCache3AnnotationTests" time="0.029"/>
  <testcase name="testMultiPut" classname="org.springframework.cache.jcache.JCacheEhCache3AnnotationTests" time="0.032"/>
  <testcase name="testUnknownCustomCacheManager" classname="org.springframework.cache.jcache.JCacheEhCache3AnnotationTests" time="0.037"/>
  <testcase name="testUncheckedException" classname="org.springframework.cache.jcache.JCacheEhCache3AnnotationTests" time="0.03"/>
  <testcase name="testNullValue" classname="org.springframework.cache.jcache.JCacheEhCache3AnnotationTests" time="0.028"/>
  <testcase name="testInvalidate" classname="org.springframework.cache.jcache.JCacheEhCache3AnnotationTests" time="0.03"/>
  <testcase name="testUpdate" classname="org.springframework.cache.jcache.JCacheEhCache3AnnotationTests" time="0.028"/>
  <testcase name="testNullArg" classname="org.springframework.cache.jcache.JCacheEhCache3AnnotationTests" time="0.029"/>
  <testcase name="testClassMultiCache" classname="org.springframework.cache.jcache.JCacheEhCache3AnnotationTests" time="0.026"/>
  <testcase name="testClassMultiEvict" classname="org.springframework.cache.jcache.JCacheEhCache3AnnotationTests" time="0.028"/>
  <system-out><![CDATA[]]></system-out>
  <system-err><![CDATA[java.io.IOException: 750539a5-2781-45a0-8df0-0c77cf807cb2
	at org.springframework.cache.config.AnnotatedClassCacheableService.throwCheckedSync(AnnotatedClassCacheableService.java:194)
	at sun.reflect.NativeMethodAccessorImpl.invoke0(Native Method)
	at sun.reflect.NativeMethodAccessorImpl.invoke(NativeMethodAccessorImpl.java:62)
	at sun.reflect.DelegatingMethodAccessorImpl.invoke(DelegatingMethodAccessorImpl.java:43)
	at java.lang.reflect.Method.invoke(Method.java:498)
	at org.springframework.aop.support.AopUtils.invokeJoinpointUsingReflection(AopUtils.java:343)
	at org.springframework.aop.framework.ReflectiveMethodInvocation.invokeJoinpoint(ReflectiveMethodInvocation.java:197)
	at org.springframework.aop.framework.ReflectiveMethodInvocation.proceed(ReflectiveMethodInvocation.java:163)
	at org.springframework.cache.interceptor.CacheInterceptor.lambda$invoke$0(CacheInterceptor.java:53)
	at org.springframework.cache.interceptor.CacheAspectSupport.invokeOperation(CacheAspectSupport.java:336)
	at org.springframework.cache.interceptor.CacheAspectSupport.lambda$execute$0(CacheAspectSupport.java:352)
	at org.springframework.cache.jcache.JCacheCache$ValueLoaderEntryProcessor.process(JCacheCache.java:127)
	at org.ehcache.jsr107.Eh107Cache$2.apply(Eh107Cache.java:356)
	at org.ehcache.core.Ehcache$Jsr107CacheImpl$3.apply(Ehcache.java:728)
	at org.ehcache.impl.internal.store.heap.OnHeapStore$23.apply(OnHeapStore.java:1160)
	at org.ehcache.impl.internal.store.heap.OnHeapStore$23.apply(OnHeapStore.java:1149)
	at org.ehcache.impl.internal.concurrent.ConcurrentHashMap.compute(ConcurrentHashMap.java:1878)
	at org.ehcache.impl.internal.store.heap.SimpleBackend.compute(SimpleBackend.java:96)
	at org.ehcache.impl.internal.store.heap.OnHeapStore.compute(OnHeapStore.java:1149)
	at org.ehcache.core.Ehcache$Jsr107CacheImpl.compute(Ehcache.java:752)
	at org.ehcache.jsr107.Eh107Cache.invoke(Eh107Cache.java:348)
	at org.springframework.cache.jcache.JCacheCache.get(JCacheCache.java:84)
	at org.springframework.cache.interceptor.CacheAspectSupport.execute(CacheAspectSupport.java:352)
	at org.springframework.cache.interceptor.CacheAspectSupport.execute(CacheAspectSupport.java:316)
	at org.springframework.cache.interceptor.CacheInterceptor.invoke(CacheInterceptor.java:61)
	at org.springframework.aop.framework.ReflectiveMethodInvocation.proceed(ReflectiveMethodInvocation.java:185)
	at org.springframework.aop.framework.JdkDynamicAopProxy.invoke(JdkDynamicAopProxy.java:212)
	at com.sun.proxy.$Proxy72.throwCheckedSync(Unknown Source)
	at org.springframework.cache.config.AbstractCacheAnnotationTests.testCheckedThrowableSync(AbstractCacheAnnotationTests.java:355)
	at org.springframework.cache.config.AbstractCacheAnnotationTests.testClassCheckedExceptionSync(AbstractCacheAnnotationTests.java:764)
	at sun.reflect.NativeMethodAccessorImpl.invoke0(Native Method)
	at sun.reflect.NativeMethodAccessorImpl.invoke(NativeMethodAccessorImpl.java:62)
	at sun.reflect.DelegatingMethodAccessorImpl.invoke(DelegatingMethodAccessorImpl.java:43)
	at java.lang.reflect.Method.invoke(Method.java:498)
	at org.junit.runners.model.FrameworkMethod$1.runReflectiveCall(FrameworkMethod.java:50)
	at org.junit.internal.runners.model.ReflectiveCallable.run(ReflectiveCallable.java:12)
	at org.junit.runners.model.FrameworkMethod.invokeExplosively(FrameworkMethod.java:47)
	at org.junit.internal.runners.statements.InvokeMethod.evaluate(InvokeMethod.java:17)
	at org.junit.internal.runners.statements.RunBefores.evaluate(RunBefores.java:26)
	at org.junit.internal.runners.statements.RunAfters.evaluate(RunAfters.java:27)
	at org.junit.runners.ParentRunner.runLeaf(ParentRunner.java:325)
	at org.junit.runners.BlockJUnit4ClassRunner.runChild(BlockJUnit4ClassRunner.java:78)
	at org.junit.runners.BlockJUnit4ClassRunner.runChild(BlockJUnit4ClassRunner.java:57)
	at org.junit.runners.ParentRunner$3.run(ParentRunner.java:290)
	at org.junit.runners.ParentRunner$1.schedule(ParentRunner.java:71)
	at org.junit.runners.ParentRunner.runChildren(ParentRunner.java:288)
	at org.junit.runners.ParentRunner.access$000(ParentRunner.java:58)
	at org.junit.runners.ParentRunner$2.evaluate(ParentRunner.java:268)
	at org.junit.runners.ParentRunner.run(ParentRunner.java:363)
	at org.gradle.api.internal.tasks.testing.junit.JUnitTestClassExecuter.runTestClass(JUnitTestClassExecuter.java:114)
	at org.gradle.api.internal.tasks.testing.junit.JUnitTestClassExecuter.execute(JUnitTestClassExecuter.java:57)
	at org.gradle.api.internal.tasks.testing.junit.JUnitTestClassProcessor.processTestClass(JUnitTestClassProcessor.java:66)
	at org.gradle.api.internal.tasks.testing.SuiteTestClassProcessor.processTestClass(SuiteTestClassProcessor.java:51)
	at sun.reflect.GeneratedMethodAccessor69.invoke(Unknown Source)
	at sun.reflect.DelegatingMethodAccessorImpl.invoke(DelegatingMethodAccessorImpl.java:43)
	at java.lang.reflect.Method.invoke(Method.java:498)
	at org.gradle.internal.dispatch.ReflectionDispatch.dispatch(ReflectionDispatch.java:35)
	at org.gradle.internal.dispatch.ReflectionDispatch.dispatch(ReflectionDispatch.java:24)
	at org.gradle.internal.dispatch.ContextClassLoaderDispatch.dispatch(ContextClassLoaderDispatch.java:32)
	at org.gradle.internal.dispatch.ProxyDispatchAdapter$DispatchingInvocationHandler.invoke(ProxyDispatchAdapter.java:93)
	at com.sun.proxy.$Proxy1.processTestClass(Unknown Source)
	at org.gradle.api.internal.tasks.testing.worker.TestWorker.processTestClass(TestWorker.java:108)
	at sun.reflect.GeneratedMethodAccessor68.invoke(Unknown Source)
	at sun.reflect.DelegatingMethodAccessorImpl.invoke(DelegatingMethodAccessorImpl.java:43)
	at java.lang.reflect.Method.invoke(Method.java:498)
	at org.gradle.internal.dispatch.ReflectionDispatch.dispatch(ReflectionDispatch.java:35)
	at org.gradle.internal.dispatch.ReflectionDispatch.dispatch(ReflectionDispatch.java:24)
	at org.gradle.internal.remote.internal.hub.MessageHubBackedObjectConnection$DispatchWrapper.dispatch(MessageHubBackedObjectConnection.java:146)
	at org.gradle.internal.remote.internal.hub.MessageHubBackedObjectConnection$DispatchWrapper.dispatch(MessageHubBackedObjectConnection.java:128)
	at org.gradle.internal.remote.internal.hub.MessageHub$Handler.run(MessageHub.java:404)
	at org.gradle.internal.concurrent.ExecutorPolicy$CatchAndRecordFailures.onExecute(ExecutorPolicy.java:63)
	at org.gradle.internal.concurrent.ManagedExecutorImpl$1.run(ManagedExecutorImpl.java:46)
	at java.util.concurrent.ThreadPoolExecutor.runWorker(ThreadPoolExecutor.java:1149)
	at java.util.concurrent.ThreadPoolExecutor$Worker.run(ThreadPoolExecutor.java:624)
	at org.gradle.internal.concurrent.ThreadFactoryImpl$ManagedThreadRunnable.run(ThreadFactoryImpl.java:55)
	at java.lang.Thread.run(Thread.java:748)
java.io.IOException: 9b85f6c3-8ece-4a07-a517-63733efa3217
	at org.springframework.cache.config.DefaultCacheableService.throwCheckedSync(DefaultCacheableService.java:203)
	at org.springframework.cache.config.DefaultCacheableService.throwCheckedSync(DefaultCacheableService.java:34)
	at sun.reflect.NativeMethodAccessorImpl.invoke0(Native Method)
	at sun.reflect.NativeMethodAccessorImpl.invoke(NativeMethodAccessorImpl.java:62)
	at sun.reflect.DelegatingMethodAccessorImpl.invoke(DelegatingMethodAccessorImpl.java:43)
	at java.lang.reflect.Method.invoke(Method.java:498)
	at org.springframework.aop.support.AopUtils.invokeJoinpointUsingReflection(AopUtils.java:343)
	at org.springframework.aop.framework.ReflectiveMethodInvocation.invokeJoinpoint(ReflectiveMethodInvocation.java:197)
	at org.springframework.aop.framework.ReflectiveMethodInvocation.proceed(ReflectiveMethodInvocation.java:163)
	at org.springframework.cache.interceptor.CacheInterceptor.lambda$invoke$0(CacheInterceptor.java:53)
	at org.springframework.cache.interceptor.CacheAspectSupport.invokeOperation(CacheAspectSupport.java:336)
	at org.springframework.cache.interceptor.CacheAspectSupport.lambda$execute$0(CacheAspectSupport.java:352)
	at org.springframework.cache.jcache.JCacheCache$ValueLoaderEntryProcessor.process(JCacheCache.java:127)
	at org.ehcache.jsr107.Eh107Cache$2.apply(Eh107Cache.java:356)
	at org.ehcache.core.Ehcache$Jsr107CacheImpl$3.apply(Ehcache.java:728)
	at org.ehcache.impl.internal.store.heap.OnHeapStore$23.apply(OnHeapStore.java:1160)
	at org.ehcache.impl.internal.store.heap.OnHeapStore$23.apply(OnHeapStore.java:1149)
	at org.ehcache.impl.internal.concurrent.ConcurrentHashMap.compute(ConcurrentHashMap.java:1878)
	at org.ehcache.impl.internal.store.heap.SimpleBackend.compute(SimpleBackend.java:96)
	at org.ehcache.impl.internal.store.heap.OnHeapStore.compute(OnHeapStore.java:1149)
	at org.ehcache.core.Ehcache$Jsr107CacheImpl.compute(Ehcache.java:752)
	at org.ehcache.jsr107.Eh107Cache.invoke(Eh107Cache.java:348)
	at org.springframework.cache.jcache.JCacheCache.get(JCacheCache.java:84)
	at org.springframework.cache.interceptor.CacheAspectSupport.execute(CacheAspectSupport.java:352)
	at org.springframework.cache.interceptor.CacheAspectSupport.execute(CacheAspectSupport.java:316)
	at org.springframework.cache.interceptor.CacheInterceptor.invoke(CacheInterceptor.java:61)
	at org.springframework.aop.framework.ReflectiveMethodInvocation.proceed(ReflectiveMethodInvocation.java:185)
	at org.springframework.aop.framework.JdkDynamicAopProxy.invoke(JdkDynamicAopProxy.java:212)
	at com.sun.proxy.$Proxy72.throwCheckedSync(Unknown Source)
	at org.springframework.cache.config.AbstractCacheAnnotationTests.testCheckedThrowableSync(AbstractCacheAnnotationTests.java:355)
	at org.springframework.cache.config.AbstractCacheAnnotationTests.testCheckedExceptionSync(AbstractCacheAnnotationTests.java:759)
	at sun.reflect.NativeMethodAccessorImpl.invoke0(Native Method)
	at sun.reflect.NativeMethodAccessorImpl.invoke(NativeMethodAccessorImpl.java:62)
	at sun.reflect.DelegatingMethodAccessorImpl.invoke(DelegatingMethodAccessorImpl.java:43)
	at java.lang.reflect.Method.invoke(Method.java:498)
	at org.junit.runners.model.FrameworkMethod$1.runReflectiveCall(FrameworkMethod.java:50)
	at org.junit.internal.runners.model.ReflectiveCallable.run(ReflectiveCallable.java:12)
	at org.junit.runners.model.FrameworkMethod.invokeExplosively(FrameworkMethod.java:47)
	at org.junit.internal.runners.statements.InvokeMethod.evaluate(InvokeMethod.java:17)
	at org.junit.internal.runners.statements.RunBefores.evaluate(RunBefores.java:26)
	at org.junit.internal.runners.statements.RunAfters.evaluate(RunAfters.java:27)
	at org.junit.runners.ParentRunner.runLeaf(ParentRunner.java:325)
	at org.junit.runners.BlockJUnit4ClassRunner.runChild(BlockJUnit4ClassRunner.java:78)
	at org.junit.runners.BlockJUnit4ClassRunner.runChild(BlockJUnit4ClassRunner.java:57)
	at org.junit.runners.ParentRunner$3.run(ParentRunner.java:290)
	at org.junit.runners.ParentRunner$1.schedule(ParentRunner.java:71)
	at org.junit.runners.ParentRunner.runChildren(ParentRunner.java:288)
	at org.junit.runners.ParentRunner.access$000(ParentRunner.java:58)
	at org.junit.runners.ParentRunner$2.evaluate(ParentRunner.java:268)
	at org.junit.runners.ParentRunner.run(ParentRunner.java:363)
	at org.gradle.api.internal.tasks.testing.junit.JUnitTestClassExecuter.runTestClass(JUnitTestClassExecuter.java:114)
	at org.gradle.api.internal.tasks.testing.junit.JUnitTestClassExecuter.execute(JUnitTestClassExecuter.java:57)
	at org.gradle.api.internal.tasks.testing.junit.JUnitTestClassProcessor.processTestClass(JUnitTestClassProcessor.java:66)
	at org.gradle.api.internal.tasks.testing.SuiteTestClassProcessor.processTestClass(SuiteTestClassProcessor.java:51)
	at sun.reflect.GeneratedMethodAccessor69.invoke(Unknown Source)
	at sun.reflect.DelegatingMethodAccessorImpl.invoke(DelegatingMethodAccessorImpl.java:43)
	at java.lang.reflect.Method.invoke(Method.java:498)
	at org.gradle.internal.dispatch.ReflectionDispatch.dispatch(ReflectionDispatch.java:35)
	at org.gradle.internal.dispatch.ReflectionDispatch.dispatch(ReflectionDispatch.java:24)
	at org.gradle.internal.dispatch.ContextClassLoaderDispatch.dispatch(ContextClassLoaderDispatch.java:32)
	at org.gradle.internal.dispatch.ProxyDispatchAdapter$DispatchingInvocationHandler.invoke(ProxyDispatchAdapter.java:93)
	at com.sun.proxy.$Proxy1.processTestClass(Unknown Source)
	at org.gradle.api.internal.tasks.testing.worker.TestWorker.processTestClass(TestWorker.java:108)
	at sun.reflect.GeneratedMethodAccessor68.invoke(Unknown Source)
	at sun.reflect.DelegatingMethodAccessorImpl.invoke(DelegatingMethodAccessorImpl.java:43)
	at java.lang.reflect.Method.invoke(Method.java:498)
	at org.gradle.internal.dispatch.ReflectionDispatch.dispatch(ReflectionDispatch.java:35)
	at org.gradle.internal.dispatch.ReflectionDispatch.dispatch(ReflectionDispatch.java:24)
	at org.gradle.internal.remote.internal.hub.MessageHubBackedObjectConnection$DispatchWrapper.dispatch(MessageHubBackedObjectConnection.java:146)
	at org.gradle.internal.remote.internal.hub.MessageHubBackedObjectConnection$DispatchWrapper.dispatch(MessageHubBackedObjectConnection.java:128)
	at org.gradle.internal.remote.internal.hub.MessageHub$Handler.run(MessageHub.java:404)
	at org.gradle.internal.concurrent.ExecutorPolicy$CatchAndRecordFailures.onExecute(ExecutorPolicy.java:63)
	at org.gradle.internal.concurrent.ManagedExecutorImpl$1.run(ManagedExecutorImpl.java:46)
	at java.util.concurrent.ThreadPoolExecutor.runWorker(ThreadPoolExecutor.java:1149)
	at java.util.concurrent.ThreadPoolExecutor$Worker.run(ThreadPoolExecutor.java:624)
	at org.gradle.internal.concurrent.ThreadFactoryImpl$ManagedThreadRunnable.run(ThreadFactoryImpl.java:55)
	at java.lang.Thread.run(Thread.java:748)
]]></system-err>
</testsuite>
