<?xml version="1.0" encoding="UTF-8"?>
<testsuite name="org.springframework.validation.beanvalidation2.BeanValidationPostProcessorTests" tests="5" skipped="0" failures="0" errors="0" timestamp="2020-05-31T09:42:53" hostname="PC-20191010VAVI" time="0.875">
  <properties/>
  <testcase name="testSizeConstraintSatisfied" classname="org.springframework.validation.beanvalidation2.BeanValidationPostProcessorTests" time="0.733"/>
  <testcase name="testNotNullConstraintAfterInitialization" classname="org.springframework.validation.beanvalidation2.BeanValidationPostProcessorTests" time="0.029"/>
  <testcase name="testNotNullConstraintSatisfied" classname="org.springframework.validation.beanvalidation2.BeanValidationPostProcessorTests" time="0.02"/>
  <testcase name="testSizeConstraint" classname="org.springframework.validation.beanvalidation2.BeanValidationPostProcessorTests" time="0.075"/>
  <testcase name="testNotNullConstraint" classname="org.springframework.validation.beanvalidation2.BeanValidationPostProcessorTests" time="0.017"/>
  <system-out><![CDATA[]]></system-out>
  <system-err><![CDATA[]]></system-err>
</testsuite>
