<?xml version="1.0" encoding="UTF-8"?>
<testsuite name="org.springframework.scheduling.quartz.SimpleTriggerFactoryBeanTests" tests="1" skipped="0" failures="0" errors="0" timestamp="2020-05-31T09:42:53" hostname="PC-20191010VAVI" time="0.0">
  <properties/>
  <testcase name="createWithoutJobDetail" classname="org.springframework.scheduling.quartz.SimpleTriggerFactoryBeanTests" time="0.0"/>
  <system-out><![CDATA[]]></system-out>
  <system-err><![CDATA[]]></system-err>
</testsuite>
