<?xml version="1.0" encoding="UTF-8"?>
<testsuite name="org.springframework.validation.beanvalidation2.MethodValidationTests" tests="4" skipped="0" failures="0" errors="0" timestamp="2020-05-31T09:42:54" hostname="PC-20191010VAVI" time="0.383">
  <properties/>
  <testcase name="testLazyValidatorForMethodValidation" classname="org.springframework.validation.beanvalidation2.MethodValidationTests" time="0.193"/>
  <testcase name="testMethodValidationInterceptor" classname="org.springframework.validation.beanvalidation2.MethodValidationTests" time="0.067"/>
  <testcase name="testLazyValidatorForMethodValidationWithProxyTargetClass" classname="org.springframework.validation.beanvalidation2.MethodValidationTests" time="0.075"/>
  <testcase name="testMethodValidationPostProcessor" classname="org.springframework.validation.beanvalidation2.MethodValidationTests" time="0.048"/>
  <system-out><![CDATA[]]></system-out>
  <system-err><![CDATA[]]></system-err>
</testsuite>
