<?xml version="1.0" encoding="UTF-8"?>
<testsuite name="org.springframework.cache.ehcache.EhCacheCacheTests" tests="13" skipped="1" failures="0" errors="0" timestamp="2020-05-31T09:42:41" hostname="PC-20191010VAVI" time="0.154">
  <properties/>
  <testcase name="testExpiredElements" classname="org.springframework.cache.ehcache.EhCacheCacheTests" time="0.028">
    <skipped/>
  </testcase>
  <testcase name="testCacheGetCallableNotInvokedWithHitNull" classname="org.springframework.cache.ehcache.EhCacheCacheTests" time="0.01"/>
  <testcase name="testCacheGetSynchronized" classname="org.springframework.cache.ehcache.EhCacheCacheTests" time="0.062"/>
  <testcase name="testCachePutIfAbsent" classname="org.springframework.cache.ehcache.EhCacheCacheTests" time="0.006"/>
  <testcase name="testCacheClear" classname="org.springframework.cache.ehcache.EhCacheCacheTests" time="0.006"/>
  <testcase name="testCacheRemove" classname="org.springframework.cache.ehcache.EhCacheCacheTests" time="0.005"/>
  <testcase name="testCacheGetCallableNotInvokedWithHit" classname="org.springframework.cache.ehcache.EhCacheCacheTests" time="0.006"/>
  <testcase name="testCacheName" classname="org.springframework.cache.ehcache.EhCacheCacheTests" time="0.006"/>
  <testcase name="testCachePut" classname="org.springframework.cache.ehcache.EhCacheCacheTests" time="0.005"/>
  <testcase name="testCacheGetCallable" classname="org.springframework.cache.ehcache.EhCacheCacheTests" time="0.004"/>
  <testcase name="testNativeCache" classname="org.springframework.cache.ehcache.EhCacheCacheTests" time="0.004"/>
  <testcase name="testCacheGetCallableFail" classname="org.springframework.cache.ehcache.EhCacheCacheTests" time="0.005"/>
  <testcase name="testCacheGetCallableWithNull" classname="org.springframework.cache.ehcache.EhCacheCacheTests" time="0.006"/>
  <system-out><![CDATA[]]></system-out>
  <system-err><![CDATA[]]></system-err>
</testsuite>
