<?xml version="1.0" encoding="UTF-8"?>
<testsuite name="org.springframework.cache.jcache.interceptor.JCacheErrorHandlerTests" tests="6" skipped="0" failures="0" errors="0" timestamp="2020-05-31T09:42:46" hostname="PC-20191010VAVI" time="0.385">
  <properties/>
  <testcase name="clearFail" classname="org.springframework.cache.jcache.interceptor.JCacheErrorHandlerTests" time="0.194"/>
  <testcase name="getFailPutExceptionFail" classname="org.springframework.cache.jcache.interceptor.JCacheErrorHandlerTests" time="0.036"/>
  <testcase name="evictFail" classname="org.springframework.cache.jcache.interceptor.JCacheErrorHandlerTests" time="0.033"/>
  <testcase name="putFail" classname="org.springframework.cache.jcache.interceptor.JCacheErrorHandlerTests" time="0.045"/>
  <testcase name="getFail" classname="org.springframework.cache.jcache.interceptor.JCacheErrorHandlerTests" time="0.039"/>
  <testcase name="getPutNewElementFail" classname="org.springframework.cache.jcache.interceptor.JCacheErrorHandlerTests" time="0.038"/>
  <system-out><![CDATA[]]></system-out>
  <system-err><![CDATA[]]></system-err>
</testsuite>
