<?xml version="1.0" encoding="UTF-8"?>
<testsuite name="com.gth.learnspring.ClassPathXmlApplicationContextTest" tests="1" skipped="0" failures="0" errors="0" timestamp="2020-07-24T16:09:19" hostname="PC-20191010VAVI" time="399.177">
  <properties/>
  <testcase name="testAnnoAutowired" classname="com.gth.learnspring.ClassPathXmlApplicationContextTest" time="399.177"/>
  <system-out><![CDATA[]]></system-out>
  <system-err><![CDATA[]]></system-err>
</testsuite>
