<?xml version="1.0" encoding="UTF-8"?>
<testsuite name="com.gth.learnspring.ClassPathXmlApplicationContextTest" tests="1" skipped="0" failures="0" errors="0" timestamp="2020-07-18T05:49:52" hostname="PC-20191010VAVI" time="1.109">
  <properties/>
  <testcase name="testListener" classname="com.gth.learnspring.ClassPathXmlApplicationContextTest" time="1.109"/>
  <system-out><![CDATA[msg
]]></system-out>
  <system-err><![CDATA[]]></system-err>
</testsuite>
