<?xml version="1.0" encoding="UTF-8"?>
<testsuite name="com.gth.learnspring.ClassPathXmlApplicationContextTest" tests="1" skipped="0" failures="0" errors="0" timestamp="2020-07-12T13:42:52" hostname="PC-20191010VAVI" time="37.052">
  <properties/>
  <testcase name="testComponentScan" classname="com.gth.learnspring.ClassPathXmlApplicationContextTest" time="37.052"/>
  <system-out><![CDATA[com.gth.applicationcontext.autowire.A@5e17bb2c
com.gth.applicationcontext.autowire.B@23e56633
com.gth.applicationcontext.autowire.C@2c7081d4
]]></system-out>
  <system-err><![CDATA[]]></system-err>
</testsuite>
