<?xml version="1.0" encoding="UTF-8"?>
<testsuite name="com.gth.learnspring.BeanFactoryTest" tests="1" skipped="0" failures="0" errors="0" timestamp="2020-06-30T15:01:33" hostname="PC-20191010VAVI" time="0.917">
  <properties/>
  <testcase name="testAutowireByType" classname="com.gth.learnspring.BeanFactoryTest" time="0.917"/>
  <system-out><![CDATA[com.gth.learnspring.TestB@26aabf28
]]></system-out>
  <system-err><![CDATA[]]></system-err>
</testsuite>
