<?xml version="1.0" encoding="UTF-8"?>
<testsuite name="com.gth.learnspring.BeanFactoryTest" tests="1" skipped="0" failures="0" errors="0" timestamp="2020-06-24T13:54:50" hostname="PC-20191010VAVI" time="0.864">
  <properties/>
  <testcase name="testConstructorAutowired" classname="com.gth.learnspring.BeanFactoryTest" time="0.864"/>
  <system-out><![CDATA[com.gth.learnspring.TestA@75a41aab
com.gth.learnspring.TestB@7a268c2
ConstructorString
]]></system-out>
  <system-err><![CDATA[]]></system-err>
</testsuite>
