<?xml version="1.0" encoding="UTF-8"?>
<testsuite name="com.gth.learnspring.ClassPathXmlApplicationContextTest" tests="1" skipped="0" failures="0" errors="0" timestamp="2020-07-09T14:18:31" hostname="PC-20191010VAVI" time="1.336">
  <properties/>
  <testcase name="testAnno" classname="com.gth.learnspring.ClassPathXmlApplicationContextTest" time="1.336"/>
  <system-out><![CDATA[com.gth.applicationcontext.autowire.A@2e3646de
com.gth.applicationcontext.autowire.B@1eb55a0a
com.gth.applicationcontext.autowire.C@33780f79
=============分割线====================
com.gth.applicationcontext.autowire.A@763da9ef
null
null
]]></system-out>
  <system-err><![CDATA[]]></system-err>
</testsuite>
