<?xml version="1.0" encoding="UTF-8"?>
<testsuite name="com.gth.learnspring.ClassPathXmlApplicationContextTest" tests="1" skipped="0" failures="0" errors="0" timestamp="2020-07-05T13:06:02" hostname="PC-20191010VAVI" time="0.944">
  <properties/>
  <testcase name="testSimpleLoad" classname="com.gth.learnspring.ClassPathXmlApplicationContextTest" time="0.944"/>
  <system-out><![CDATA[BeanFactory后处理器：testACBean
BeanFactory后处理器：myBeanFactoryPostProcessor
com.gth.applicationcontext.TestACBean@425bf61a
]]></system-out>
  <system-err><![CDATA[]]></system-err>
</testsuite>
