<?xml version="1.0" encoding="UTF-8"?>
<testsuite name="com.gth.learnspring.BeanFactoryTest" tests="1" skipped="0" failures="0" errors="0" timestamp="2020-06-28T14:54:44" hostname="PC-20191010VAVI" time="0.871">
  <properties/>
  <testcase name="testAutowireByNameOrType" classname="com.gth.learnspring.BeanFactoryTest" time="0.871"/>
  <system-out><![CDATA[com.gth.learnspring.TestA@43744800
com.gth.learnspring.TestB@23fc1511
]]></system-out>
  <system-err><![CDATA[]]></system-err>
</testsuite>
