<?xml version="1.0" encoding="UTF-8"?>
<testsuite name="com.gth.learnspring.BeanFactoryTest" tests="1" skipped="0" failures="0" errors="0" timestamp="2020-06-07T10:06:50" hostname="PC-20191010VAVI" time="392.31">
  <properties/>
  <testcase name="testABCBean" classname="com.gth.learnspring.BeanFactoryTest" time="392.31"/>
  <system-out><![CDATA[]]></system-out>
  <system-err><![CDATA[]]></system-err>
</testsuite>
